[2024-11-05 23:53:16][INFO] Loading resources...
[2024-11-05 23:53:16][FINE] Loading resources from: mods/Xaeros_Minimap_24.6.1_Fabric_1.21.jar ...
[2024-11-05 23:53:16][FINE] Loading resources from: mods/taacmod-0.0.3-1.21.1.jar ...
[2024-11-05 23:53:16][FINE] Loading resources from: mods/spell_engine-1.1.2%2B1.21.1.jar ...
[2024-11-05 23:53:16][FINE] Loading resources from: mods/NoChatReports-FABRIC-1.21.1-v2.9.0.jar ...
[2024-11-05 23:53:16][FINE] Loading resources from: mods/JustEnoughResources-Fabric-1.21-1.6.0.11.jar ...
[2024-11-05 23:53:16][FINE] Loading resources from: mods/cyclopscore-1.21.1-fabric-1.25.2-634.jar ...
[2024-11-05 23:53:16][FINE] Loading resources from: mods/tidal-towns-1.3.3.jar ...
[2024-11-05 23:53:16][FINE] Loading resources from: mods/ranged_weapon_api-2.0.4%2B1.21.1.jar ...
[2024-11-05 23:53:16][FINE] Loading resources from: mods/food-plus-2.31+1.21.jar ...
[2024-11-05 23:53:16][FINE] Loading resources from: mods/more_mobs-v1.5.2-mc1.14x-1.21x-mod.jar ...
[2024-11-05 23:53:16][FINE] Loading resources from: mods/SkyVillages-1.0.6-1.21.x-fabric-release.jar ...
[2024-11-05 23:53:16][FINE] Loading resources from: mods/hammersandtables-6.0.6+1.21.jar ...
[2024-11-05 23:53:16][FINE] Loading resources from: mods/chat_heads-0.13.4-fabric-1.21.jar ...
[2024-11-05 23:53:16][FINE] Loading resources from: mods/mvs-4.2.5-1.21.jar ...
[2024-11-05 23:53:16][FINE] Loading resources from: mods/dungeons-and-taverns-v4.4.4.jar ...
[2024-11-05 23:53:16][FINE] Loading resources from: mods/XaerosWorldMap_1.39.0_Fabric_1.21.jar ...
[2024-11-05 23:53:16][FINE] Loading resources from: mods/tctimod-0.0.8-1.21.1.jar ...
[2024-11-05 23:53:16][FINE] Loading resources from: mods/KeepInventorySortedSimple-0.3.1.jar ...
[2024-11-05 23:53:16][FINE] Loading resources from: mods/lithium-fabric-mc1.21.1-0.13.1.jar ...
[2024-11-05 23:53:16][FINE] Loading resources from: mods/mcw-holidays-1.1.0-mc1.21.1fabric.jar ...
[2024-11-05 23:53:17][FINE] Loading resources from: mods/Zoomify-2.14.2%2B1.21.1.jar ...
[2024-11-05 23:53:17][FINE] Loading resources from: mods/vmp-fabric-mc1.21.1-0.2.0+beta.7.169-all.jar ...
[2024-11-05 23:53:17][FINE] Loading resources from: mods/battlemages-0.0.7-1.21.1.jar ...
[2024-11-05 23:53:17][FINE] Loading resources from: mods/FarmersDelight-1.21-2.1.10+refabricated.jar ...
[2024-11-05 23:53:17][FINE] Loading resources from: mods/runes-1.0.3%2B1.21.1.jar ...
[2024-11-05 23:53:17][FINE] Loading resources from: mods/Discord-MC-Chat-2.3.5.jar ...
[2024-11-05 23:53:17][FINE] Loading resources from: mods/better-nether-21.0.11.jar ...
[2024-11-05 23:53:18][FINE] Failed to parse condition: Condition-String 'north' is invalid!
[2024-11-05 23:53:18][FINE] Failed to parse condition: Condition-String 'south' is invalid!
[2024-11-05 23:53:18][FINE] Failed to parse condition: Condition-String 'east' is invalid!
[2024-11-05 23:53:18][FINE] Failed to parse condition: Condition-String 'west' is invalid!
[2024-11-05 23:53:18][FINE] Loading resources from: mods/sodium-fabric-0.5.11%2Bmc1.21.jar ...
[2024-11-05 23:53:18][FINE] Loading resources from: mods/itemswapper-fabric-0.7.2-mc1.21.jar ...
[2024-11-05 23:53:18][FINE] Loading resources from: mods/dragonscale-0.0.2-1.21.1.jar ...
[2024-11-05 23:53:18][FINE] Loading resources from: mods/mcw-windows-2.3.0-mc1.21.1fabric.jar ...
[2024-11-05 23:53:18][FINE] Loading resources from: mods/modernfix-fabric-5.19.3+mc1.21.1.jar ...
[2024-11-05 23:53:18][FINE] Loading resources from: mods/enchants-plus-1.3.jar ...
[2024-11-05 23:53:18][FINE] Loading resources from: mods/c2me-fabric-mc1.21.1-0.3.0+alpha.0.295.jar ...
[2024-11-05 23:53:18][FINE] Loading resources from: mods/bettercombat-fabric-2.0.3%2B1.21.1.jar ...
[2024-11-05 23:53:18][FINE] Loading resources from: mods/tatimod-0.1.1-1.21.1.jar ...
[2024-11-05 23:53:18][FINE] Loading resources from: mods/rogues-2.1.0%2B1.21.1.jar ...
[2024-11-05 23:53:18][FINE] Loading resources from: mods/krypton-0.2.8.jar ...
[2024-11-05 23:53:19][FINE] Loading resources from: mods/mcw-lights-1.1.1-mc1.21.1fabric.jar ...
[2024-11-05 23:53:19][FINE] Loading resources from: mods/architectury-13.0.8-fabric.jar ...
[2024-11-05 23:53:19][FINE] Loading resources from: mods/mcw-furniture-3.3.0-mc1.21.1fabric.jar ...
[2024-11-05 23:53:19][FINE] Loading resources from: mods/moredelight-24.09.27-1.21-fabric.jar ...
[2024-11-05 23:53:19][FINE] Loading resources from: mods/tdacmod-0.0.2-1.21.1.jar ...
[2024-11-05 23:53:19][FINE] Loading resources from: mods/TerraBlender-fabric-1.21.1-4.1.0.5.jar ...
[2024-11-05 23:53:19][FINE] Loading resources from: mods/graves-3.4.4+1.21.jar ...
[2024-11-05 23:53:19][FINE] Loading resources from: mods/fabric-language-kotlin-1.12.3%2Bkotlin.2.0.21.jar ...
[2024-11-05 23:53:19][FINE] Loading resources from: mods/dragonsteel-0.0.3-1.21.1.jar ...
[2024-11-05 23:53:19][FINE] Loading resources from: mods/Terralith_1.21.x_v2.5.6.jar ...
[2024-11-05 23:53:19][FINE] Loading resources from: mods/mcw-stairs-1.0.0-1.21.1fabric.jar ...
[2024-11-05 23:53:20][FINE] Loading resources from: mods/ScalableLux-0.1.0+fabric.26c6e72-all.jar ...
[2024-11-05 23:53:20][FINE] Loading resources from: mods/RoguelikeDungeons-2.0.8-1.21-fabric.jar ...
[2024-11-05 23:53:20][FINE] Loading resources from: mods/ShieldAPI-2.0.2%2B1.21.1.jar ...
[2024-11-05 23:53:20][FINE] Loading resources from: mods/Debugify-1.21.1+1.0.jar ...
[2024-11-05 23:53:20][FINE] Loading resources from: mods/jewelry-2.0.2%2B1.21.1.jar ...
[2024-11-05 23:53:20][FINE] Loading resources from: mods/lavender-0.1.14+1.21.jar ...
[2024-11-05 23:53:20][FINE] Loading resources from: mods/paladins-2.1.1%2B1.21.1.jar ...
[2024-11-05 23:53:20][FINE] Loading resources from: mods/ImmediatelyFast-Fabric-1.3.1+1.21.1.jar ...
[2024-11-05 23:53:20][FINE] Loading resources from: mods/InventoryTweaks-3.0.jar ...
[2024-11-05 23:53:20][FINE] Loading resources from: mods/morerunesmod-0.0.2-1.21.1.jar ...
[2024-11-05 23:53:20][FINE] Loading resources from: mods/worldweaver-21.0.13.jar ...
[2024-11-05 23:53:20][FINE] Loading resources from: mods/elemental_metals-0.0.4-1.21.1.jar ...
[2024-11-05 23:53:20][FINE] Loading resources from: mods/wunderlib-21.0.8.jar ...
[2024-11-05 23:53:20][FINE] Loading resources from: mods/Epic Dungeons-0.1.04-Fabric-1.21.jar ...
[2024-11-05 23:53:20][FINE] Loading resources from: mods/cardinal-components-api-6.1.1.jar ...
[2024-11-05 23:53:20][FINE] Loading resources from: mods/resourcefullib-fabric-1.21-3.0.11.jar ...
[2024-11-05 23:53:20][FINE] Loading resources from: mods/ketkets-furnicraft-4.4.jar ...
[2024-11-05 23:53:20][FINE] Loading resources from: mods/doubledoors-1.21.1-5.9.jar ...
[2024-11-05 23:53:20][FINE] Loading resources from: mods/storagedelight-24.09.11-1.21-fabric.jar ...
[2024-11-05 23:53:20][FINE] Loading resources from: mods/wizards-2.1.0%2B1.21.1.jar ...
[2024-11-05 23:53:20][FINE] Loading resources from: mods/more_jewels-0.0.2-1.21.1.jar ...
[2024-11-05 23:53:20][FINE] Loading resources from: mods/handcrafted-fabric-1.21.1-4.0.2.jar ...
[2024-11-05 23:53:21][FINE] Loading resources from: mods/more_spell_attributes-0.0.7-1.21.1.jar ...
[2024-11-05 23:53:21][FINE] Loading resources from: mods/thaumon-fabric-2.3.0+1.21.jar ...
[2024-11-05 23:53:21][FINE] Loading resources from: mods/fpapmod-2.2.4-1.21.1.jar ...
[2024-11-05 23:53:21][FINE] Loading resources from: mods/modmenu-11.0.3.jar ...
[2024-11-05 23:53:21][FINE] Loading resources from: mods/YetAnotherConfigLib-3.6.1%2B1.21-fabric.jar ...
[2024-11-05 23:53:21][FINE] Loading resources from: mods/azurelibarmor-fabric-1.21.1-2.3.13.jar ...
[2024-11-05 23:53:21][FINE] Loading resources from: mods/villager-transportation-1.3.1.jar ...
[2024-11-05 23:53:21][FINE] Loading resources from: mods/squatgrow-fabric-21.1.0%2Bmc1.21.1.jar ...
[2024-11-05 23:53:21][FINE] Loading resources from: mods/NaturesCompass-1.21-2.2.6-fabric.jar ...
[2024-11-05 23:53:21][FINE] Loading resources from: mods/HopoBetterUnderwaterRuins-[1.21.1-1.21.3]-1.2.1.jar ...
[2024-11-05 23:53:21][FINE] Loading resources from: mods/druid-0.0.7-1.21.1.jar ...
[2024-11-05 23:53:21][FINE] Loading resources from: mods/ImmersiveOres-1.21.1-0.1.jar ...
[2024-11-05 23:53:21][FINE] Loading resources from: mods/enchant-tooltips-1.0.1.jar ...
[2024-11-05 23:53:21][FINE] Loading resources from: mods/MouseTweaks-fabric-mc1.21-2.26.jar ...
[2024-11-05 23:53:21][FINE] Loading resources from: mods/DungeonsArise-1.21.x-2.1.60-fabric-release.jar ...
[2024-11-05 23:53:21][FINE] Loading resources from: mods/notenoughcrashes-4.4.8%2B1.21-fabric.jar ...
[2024-11-05 23:53:21][FINE] Loading resources from: mods/formationsoverworld-1.0.4-mc1.21+.jar ...
[2024-11-05 23:53:21][FINE] Loading resources from: mods/Wabi-Sabi Structures 3.0.1-1.21.jar ...
[2024-11-05 23:53:21][FINE] Loading resources from: mods/AdditionalStructures-1.21.x-%28v.5.0.1-fabric%29.jar ...
[2024-11-05 23:53:21][FINE] Loading resources from: mods/tsapmod-0.0.1-1.21.1.jar ...
[2024-11-05 23:53:21][FINE] Loading resources from: mods/collective-1.21.1-7.87.jar ...
[2024-11-05 23:53:21][FINE] Loading resources from: mods/AureljPaintings-1.0.4-1.21.x-fabric.jar ...
[2024-11-05 23:53:21][FINE] Loading resources from: mods/itemalchemy-1.0.5.jar ...
[2024-11-05 23:53:21][FINE] Loading resources from: mods/sit-anywhere-by-sozoka-1.1.1.jar ...
[2024-11-05 23:53:21][FINE] Loading resources from: mods/modonomicon-1.21.1-fabric-1.108.2.jar ...
[2024-11-05 23:53:21][FINE] Loading resources from: mods/archers-2.1.1%2B1.21.1.jar ...
[2024-11-05 23:53:21][FINE] Loading resources from: mods/FallingTree-1.21.1-1.21.1.2.jar ...
[2024-11-05 23:53:21][FINE] Loading resources from: mods/morewizardsmod-0.1.6-1.21.1.jar ...
[2024-11-05 23:53:21][FINE] Loading resources from: mods/jei-1.21.1-fabric-19.21.0.247.jar ...
[2024-11-05 23:53:21][FINE] Loading resources from: mods/waystones-fabric-1.21.1-21.1.5.jar ...
[2024-11-05 23:53:21][FINE] Loading resources from: mods/formations-1.0.2-fabric-mc1.21.jar ...
[2024-11-05 23:53:21][FINE] Loading resources from: mods/[Fabric]CTOV-3-5-3a.jar ...
[2024-11-05 23:53:21][FINE] Loading resources from: mods/noisium-fabric-2.3.0+mc1.21-1.21.1.jar ...
[2024-11-05 23:53:21][FINE] Loading resources from: mods/servercore-fabric-1.5.5+1.21.1.jar ...
[2024-11-05 23:53:21][FINE] Loading resources from: mods/Palladium-1.21x-1.0.9.5.jar ...
[2024-11-05 23:53:21][FINE] Loading resources from: mods/portfolio-1.21.1-1.4.1-fabric.jar ...
[2024-11-05 23:53:21][FINE] Loading resources from: mods/YeehawTowns-1.0.3-1.21.x-fabric.jar ...
[2024-11-05 23:53:21][FINE] Loading resources from: mods/monolib-fabric-1.21.1-1.4.1.jar ...
[2024-11-05 23:53:21][FINE] Loading resources from: mods/energizedpower-1.21.1-2.12.4-fabric.jar ...
[2024-11-05 23:53:21][FINE] Loading resources from: mods/moremobvariants-fabric+1.21-1.3.1.1.jar ...
[2024-11-05 23:53:21][FINE] Loading resources from: mods/DungeonsAriseSevenSeas-1.21.x-1.0.3-fabric.jar ...
[2024-11-05 23:53:21][FINE] Loading resources from: mods/compact_storage-1.21-fabric-8.0.75.jar ...
[2024-11-05 23:53:21][FINE] Loading resources from: mods/tabtps-fabric-mc1.21.1-1.3.25.jar ...
[2024-11-05 23:53:22][FINE] Loading resources from: mods/affinity-0.1.5+1.21.jar ...
[2024-11-05 23:53:22][FINE] Loading resources from: mods/timo_11-6.4%2B1.21.2.jar ...
[2024-11-05 23:53:22][FINE] Loading resources from: mods/ToadLib-1.21x-1.1.6.jar ...
[2024-11-05 23:53:22][FINE] Loading resources from: mods/bclib-21.0.13.jar ...
[2024-11-05 23:53:22][FINE] Loading resources from: mods/better-end-21.0.11.jar ...
[2024-11-05 23:53:22][FINE] Loading resources from: mods/t_and_t-neoforge-fabric-1.13.2.jar ...
[2024-11-05 23:53:22][FINE] Loading resources from: mods/Wild_Tool_Access-1.21.1-1.5.1.jar ...
[2024-11-05 23:53:22][FINE] Loading resources from: mods/crafting-manipulator-5.2.0+1.21.jar ...
[2024-11-05 23:53:22][FINE] Loading resources from: mods/fallenwizardsmod-0.1.6-1.21.1.jar ...
[2024-11-05 23:53:22][FINE] Loading resources from: mods/AchievementOptimizer-fabric-1.21.1-1.2.0.jar ...
[2024-11-05 23:53:22][FINE] Loading resources from: mods/structure_pool_api-1.1.3%2B1.21.1.jar ...
[2024-11-05 23:53:22][FINE] Loading resources from: mods/mcw-doors-1.1.1-mc1.21.1fabric.jar ...
[2024-11-05 23:53:22][FINE] Failed to parse resource-file '/assets/mcwdoors/models/block/waffle/dark_oak_waffle_door_top_rh.json': com.google.gson.JsonSyntaxException: duplicate key: particle
[2024-11-05 23:53:22][FINE] Failed to parse resource-file '/assets/mcwdoors/models/block/waffle/dark_oak_waffle_door_top.json': com.google.gson.JsonSyntaxException: duplicate key: particle
[2024-11-05 23:53:22][FINE] Failed to parse resource-file '/assets/mcwdoors/models/block/swamp/dark_oak_swamp_door_top_rh.json': com.google.gson.JsonSyntaxException: duplicate key: particle
[2024-11-05 23:53:22][FINE] Failed to parse resource-file '/assets/mcwdoors/models/block/swamp/dark_oak_swamp_door_top.json': com.google.gson.JsonSyntaxException: duplicate key: particle
[2024-11-05 23:53:22][FINE] Failed to parse resource-file '/assets/mcwdoors/models/block/cottage/dark_oak_cottage_door_bot.json': com.google.gson.JsonSyntaxException: duplicate key: particle
[2024-11-05 23:53:22][FINE] Failed to parse resource-file '/assets/mcwdoors/models/block/classic/dark_oak_classic_door_top_rh.json': com.google.gson.JsonSyntaxException: duplicate key: particle
[2024-11-05 23:53:22][FINE] Failed to parse resource-file '/assets/mcwdoors/models/block/classic/dark_oak_classic_door_top.json': com.google.gson.JsonSyntaxException: duplicate key: particle
[2024-11-05 23:53:22][FINE] Failed to parse resource-file '/assets/mcwdoors/models/block/bamboo/dark_oak_bamboo_door_top_rh.json': com.google.gson.JsonSyntaxException: duplicate key: particle
[2024-11-05 23:53:22][FINE] Failed to parse resource-file '/assets/mcwdoors/models/block/bamboo/dark_oak_bamboo_door_top.json': com.google.gson.JsonSyntaxException: duplicate key: particle
[2024-11-05 23:53:22][FINE] Loading resources from: mods/formationsnether-1.0.5-mc1.21+.jar ...
[2024-11-05 23:53:22][FINE] Loading resources from: mods/cloth-config-15.0.140-fabric.jar ...
[2024-11-05 23:53:22][FINE] Loading resources from: mods/UndergroundBunkers-1.0.4-1.21.x-fabric.jar ...
[2024-11-05 23:53:22][FINE] Loading resources from: mods/balm-fabric-1.21.1-21.0.20.jar ...
[2024-11-05 23:53:22][FINE] Loading resources from: mods/tgacmod-4.0.4-1.21.1.jar ...
[2024-11-05 23:53:22][FINE] Loading resources from: mods/fabric-api-0.107.0%2B1.21.1.jar ...
[2024-11-05 23:53:22][FINE] Loading resources from: mods/mcpitanlib-2.5.2-1.21-fabric.jar ...
[2024-11-05 23:53:22][FINE] Loading resources from: mods/bluemap-5.4-fabric.jar ...
[2024-11-05 23:53:22][FINE] Loading resources from: mods/appleskin-fabric-mc1.21-3.0.6.jar ...
[2024-11-05 23:53:22][FINE] Loading resources from: mods/vanilla-refresh-1.4.25_1.21.jar ...
[2024-11-05 23:53:22][FINE] Loading resources from: mods/trinkets-3.10.0.jar ...
[2024-11-05 23:53:22][FINE] Loading resources from: mods/spell_power-1.0.5%2B1.21.1.jar ...
[2024-11-05 23:53:22][FINE] Loading resources from: mods/owo-lib-0.12.15+1.21.jar ...
[2024-11-05 23:53:22][FINE] Loading resources from: mods/IronChests-2.0.4.jar ...
[2024-11-05 23:53:22][FINE] Loading resources from: mods/guardvillagers-2.1.2-1.21.jar ...
[2024-11-05 23:53:22][FINE] Loading resources from: mods/craftingtweaks-fabric-1.21.1-21.1.3.jar ...
[2024-11-05 23:53:22][FINE] Loading resources from: mods/lithostitched-fabric-1.21.1-1.3.4.jar ...
[2024-11-05 23:53:22][FINE] Loading resources from: mods/serversleep-datapack2.jar ...
[2024-11-05 23:53:22][FINE] Loading resources from: mods/lambdynamiclights-3.1.2%2B1.21.1.jar ...
[2024-11-05 23:53:22][FINE] Loading resources from: mods/player-animation-lib-fabric-2.0.0-alpha1%2B1.21.jar ...
[2024-11-05 23:53:22][FINE] Loading resources from: mods/blood_mages-0.0.7-1.21.1.jar ...
[2024-11-05 23:53:22][FINE] Loading resources from: mods/automessage-merged-1.21-2.3.0.jar ...
[2024-11-05 23:53:22][FINE] Loading resources from: mods/ferritecore-7.0.2-hotfix-fabric.jar ...
[2024-11-05 23:53:22][FINE] Loading resources from: mods/cristellib-fabric-1.2.8.jar ...
[2024-11-05 23:53:22][FINE] Loading resources from: bluemap/resourceExtensions.zip ...
[2024-11-05 23:53:22][FINE] Loading resources from: bluemap/minecraft-client-1.21.1.jar ...
[2024-11-05 23:53:22][INFO] Loading textures...
[2024-11-05 23:53:22][FINE] Loading textures from: mods/Xaeros_Minimap_24.6.1_Fabric_1.21.jar ...
[2024-11-05 23:53:23][FINE] Loading textures from: mods/taacmod-0.0.3-1.21.1.jar ...
[2024-11-05 23:53:23][FINE] Loading textures from: mods/spell_engine-1.1.2%2B1.21.1.jar ...
[2024-11-05 23:53:23][FINE] Loading textures from: mods/NoChatReports-FABRIC-1.21.1-v2.9.0.jar ...
[2024-11-05 23:53:23][FINE] Loading textures from: mods/JustEnoughResources-Fabric-1.21-1.6.0.11.jar ...
[2024-11-05 23:53:23][FINE] Loading textures from: mods/cyclopscore-1.21.1-fabric-1.25.2-634.jar ...
[2024-11-05 23:53:23][FINE] Loading textures from: mods/tidal-towns-1.3.3.jar ...
[2024-11-05 23:53:23][FINE] Loading textures from: mods/ranged_weapon_api-2.0.4%2B1.21.1.jar ...
[2024-11-05 23:53:23][FINE] Loading textures from: mods/food-plus-2.31+1.21.jar ...
[2024-11-05 23:53:23][FINE] Loading textures from: mods/more_mobs-v1.5.2-mc1.14x-1.21x-mod.jar ...
[2024-11-05 23:53:23][FINE] Loading textures from: mods/SkyVillages-1.0.6-1.21.x-fabric-release.jar ...
[2024-11-05 23:53:23][FINE] Loading textures from: mods/hammersandtables-6.0.6+1.21.jar ...
[2024-11-05 23:53:23][FINE] Loading textures from: mods/chat_heads-0.13.4-fabric-1.21.jar ...
[2024-11-05 23:53:23][FINE] Loading textures from: mods/mvs-4.2.5-1.21.jar ...
[2024-11-05 23:53:23][FINE] Loading textures from: mods/dungeons-and-taverns-v4.4.4.jar ...
[2024-11-05 23:53:23][FINE] Loading textures from: mods/XaerosWorldMap_1.39.0_Fabric_1.21.jar ...
[2024-11-05 23:53:23][FINE] Loading textures from: mods/tctimod-0.0.8-1.21.1.jar ...
[2024-11-05 23:53:23][FINE] Loading textures from: mods/KeepInventorySortedSimple-0.3.1.jar ...
[2024-11-05 23:53:23][FINE] Loading textures from: mods/lithium-fabric-mc1.21.1-0.13.1.jar ...
[2024-11-05 23:53:23][FINE] Loading textures from: mods/mcw-holidays-1.1.0-mc1.21.1fabric.jar ...
[2024-11-05 23:53:24][FINE] Loading textures from: mods/Zoomify-2.14.2%2B1.21.1.jar ...
[2024-11-05 23:53:24][FINE] Loading textures from: mods/vmp-fabric-mc1.21.1-0.2.0+beta.7.169-all.jar ...
[2024-11-05 23:53:24][FINE] Loading textures from: mods/battlemages-0.0.7-1.21.1.jar ...
[2024-11-05 23:53:24][FINE] Loading textures from: mods/FarmersDelight-1.21-2.1.10+refabricated.jar ...
[2024-11-05 23:53:25][FINE] Loading textures from: mods/runes-1.0.3%2B1.21.1.jar ...
[2024-11-05 23:53:25][FINE] Loading textures from: mods/Discord-MC-Chat-2.3.5.jar ...
[2024-11-05 23:53:26][FINE] Loading textures from: mods/better-nether-21.0.11.jar ...
[2024-11-05 23:53:27][FINE] Loading textures from: mods/sodium-fabric-0.5.11%2Bmc1.21.jar ...
[2024-11-05 23:53:27][FINE] Loading textures from: mods/itemswapper-fabric-0.7.2-mc1.21.jar ...
[2024-11-05 23:53:27][FINE] Loading textures from: mods/dragonscale-0.0.2-1.21.1.jar ...
[2024-11-05 23:53:27][FINE] Loading textures from: mods/mcw-windows-2.3.0-mc1.21.1fabric.jar ...
[2024-11-05 23:53:27][FINE] Loading textures from: mods/modernfix-fabric-5.19.3+mc1.21.1.jar ...
[2024-11-05 23:53:27][FINE] Loading textures from: mods/enchants-plus-1.3.jar ...
[2024-11-05 23:53:27][FINE] Loading textures from: mods/c2me-fabric-mc1.21.1-0.3.0+alpha.0.295.jar ...
[2024-11-05 23:53:28][FINE] Loading textures from: mods/bettercombat-fabric-2.0.3%2B1.21.1.jar ...
[2024-11-05 23:53:28][FINE] Loading textures from: mods/tatimod-0.1.1-1.21.1.jar ...
[2024-11-05 23:53:28][FINE] Loading textures from: mods/rogues-2.1.0%2B1.21.1.jar ...
[2024-11-05 23:53:28][FINE] Loading textures from: mods/krypton-0.2.8.jar ...
[2024-11-05 23:53:28][FINE] Loading textures from: mods/mcw-lights-1.1.1-mc1.21.1fabric.jar ...
[2024-11-05 23:53:28][FINE] Loading textures from: mods/architectury-13.0.8-fabric.jar ...
[2024-11-05 23:53:28][FINE] Loading textures from: mods/mcw-furniture-3.3.0-mc1.21.1fabric.jar ...
[2024-11-05 23:53:28][FINE] Loading textures from: mods/moredelight-24.09.27-1.21-fabric.jar ...
[2024-11-05 23:53:28][FINE] Loading textures from: mods/tdacmod-0.0.2-1.21.1.jar ...
[2024-11-05 23:53:28][FINE] Loading textures from: mods/TerraBlender-fabric-1.21.1-4.1.0.5.jar ...
[2024-11-05 23:53:28][FINE] Loading textures from: mods/graves-3.4.4+1.21.jar ...
[2024-11-05 23:53:28][FINE] Loading textures from: mods/fabric-language-kotlin-1.12.3%2Bkotlin.2.0.21.jar ...
[2024-11-05 23:53:29][FINE] Loading textures from: mods/dragonsteel-0.0.3-1.21.1.jar ...
[2024-11-05 23:53:29][FINE] Loading textures from: mods/Terralith_1.21.x_v2.5.6.jar ...
[2024-11-05 23:53:29][FINE] Loading textures from: mods/mcw-stairs-1.0.0-1.21.1fabric.jar ...
[2024-11-05 23:53:29][FINE] Loading textures from: mods/ScalableLux-0.1.0+fabric.26c6e72-all.jar ...
[2024-11-05 23:53:29][FINE] Loading textures from: mods/RoguelikeDungeons-2.0.8-1.21-fabric.jar ...
[2024-11-05 23:53:29][FINE] Loading textures from: mods/ShieldAPI-2.0.2%2B1.21.1.jar ...
[2024-11-05 23:53:29][FINE] Loading textures from: mods/Debugify-1.21.1+1.0.jar ...
[2024-11-05 23:53:29][FINE] Loading textures from: mods/jewelry-2.0.2%2B1.21.1.jar ...
[2024-11-05 23:53:29][FINE] Loading textures from: mods/lavender-0.1.14+1.21.jar ...
[2024-11-05 23:53:29][FINE] Loading textures from: mods/paladins-2.1.1%2B1.21.1.jar ...
[2024-11-05 23:53:29][FINE] Loading textures from: mods/ImmediatelyFast-Fabric-1.3.1+1.21.1.jar ...
[2024-11-05 23:53:29][FINE] Loading textures from: mods/InventoryTweaks-3.0.jar ...
[2024-11-05 23:53:29][FINE] Loading textures from: mods/morerunesmod-0.0.2-1.21.1.jar ...
[2024-11-05 23:53:29][FINE] Loading textures from: mods/worldweaver-21.0.13.jar ...
[2024-11-05 23:53:30][FINE] Loading textures from: mods/elemental_metals-0.0.4-1.21.1.jar ...
[2024-11-05 23:53:30][FINE] Loading textures from: mods/wunderlib-21.0.8.jar ...
[2024-11-05 23:53:30][FINE] Loading textures from: mods/Epic Dungeons-0.1.04-Fabric-1.21.jar ...
[2024-11-05 23:53:30][FINE] Loading textures from: mods/cardinal-components-api-6.1.1.jar ...
[2024-11-05 23:53:30][FINE] Loading textures from: mods/resourcefullib-fabric-1.21-3.0.11.jar ...
[2024-11-05 23:53:30][FINE] Loading textures from: mods/ketkets-furnicraft-4.4.jar ...
[2024-11-05 23:53:30][FINE] Loading textures from: mods/doubledoors-1.21.1-5.9.jar ...
[2024-11-05 23:53:30][FINE] Loading textures from: mods/storagedelight-24.09.11-1.21-fabric.jar ...
[2024-11-05 23:53:30][FINE] Loading textures from: mods/wizards-2.1.0%2B1.21.1.jar ...
[2024-11-05 23:53:30][FINE] Loading textures from: mods/more_jewels-0.0.2-1.21.1.jar ...
[2024-11-05 23:53:30][FINE] Loading textures from: mods/handcrafted-fabric-1.21.1-4.0.2.jar ...
[2024-11-05 23:53:32][FINE] Loading textures from: mods/more_spell_attributes-0.0.7-1.21.1.jar ...
[2024-11-05 23:53:32][FINE] Loading textures from: mods/thaumon-fabric-2.3.0+1.21.jar ...
[2024-11-05 23:53:32][FINE] Loading textures from: mods/fpapmod-2.2.4-1.21.1.jar ...
[2024-11-05 23:53:32][FINE] Loading textures from: mods/modmenu-11.0.3.jar ...
[2024-11-05 23:53:32][FINE] Loading textures from: mods/YetAnotherConfigLib-3.6.1%2B1.21-fabric.jar ...
[2024-11-05 23:53:32][FINE] Loading textures from: mods/azurelibarmor-fabric-1.21.1-2.3.13.jar ...
[2024-11-05 23:53:32][FINE] Loading textures from: mods/villager-transportation-1.3.1.jar ...
[2024-11-05 23:53:32][FINE] Loading textures from: mods/squatgrow-fabric-21.1.0%2Bmc1.21.1.jar ...
[2024-11-05 23:53:32][FINE] Loading textures from: mods/NaturesCompass-1.21-2.2.6-fabric.jar ...
[2024-11-05 23:53:32][FINE] Loading textures from: mods/HopoBetterUnderwaterRuins-[1.21.1-1.21.3]-1.2.1.jar ...
[2024-11-05 23:53:32][FINE] Loading textures from: mods/druid-0.0.7-1.21.1.jar ...
[2024-11-05 23:53:32][FINE] Loading textures from: mods/ImmersiveOres-1.21.1-0.1.jar ...
[2024-11-05 23:53:32][FINE] Loading textures from: mods/enchant-tooltips-1.0.1.jar ...
[2024-11-05 23:53:32][FINE] Loading textures from: mods/MouseTweaks-fabric-mc1.21-2.26.jar ...
[2024-11-05 23:53:32][FINE] Loading textures from: mods/DungeonsArise-1.21.x-2.1.60-fabric-release.jar ...
[2024-11-05 23:53:33][FINE] Loading textures from: mods/notenoughcrashes-4.4.8%2B1.21-fabric.jar ...
[2024-11-05 23:53:33][FINE] Loading textures from: mods/formationsoverworld-1.0.4-mc1.21+.jar ...
[2024-11-05 23:53:33][FINE] Loading textures from: mods/Wabi-Sabi Structures 3.0.1-1.21.jar ...
[2024-11-05 23:53:33][FINE] Loading textures from: mods/AdditionalStructures-1.21.x-%28v.5.0.1-fabric%29.jar ...
[2024-11-05 23:53:33][FINE] Loading textures from: mods/tsapmod-0.0.1-1.21.1.jar ...
[2024-11-05 23:53:33][FINE] Loading textures from: mods/collective-1.21.1-7.87.jar ...
[2024-11-05 23:53:33][FINE] Loading textures from: mods/AureljPaintings-1.0.4-1.21.x-fabric.jar ...
[2024-11-05 23:53:33][FINE] Loading textures from: mods/itemalchemy-1.0.5.jar ...
[2024-11-05 23:53:33][FINE] Loading textures from: mods/sit-anywhere-by-sozoka-1.1.1.jar ...
[2024-11-05 23:53:33][FINE] Loading textures from: mods/modonomicon-1.21.1-fabric-1.108.2.jar ...
[2024-11-05 23:53:33][FINE] Loading textures from: mods/archers-2.1.1%2B1.21.1.jar ...
[2024-11-05 23:53:33][FINE] Loading textures from: mods/FallingTree-1.21.1-1.21.1.2.jar ...
[2024-11-05 23:53:33][FINE] Loading textures from: mods/morewizardsmod-0.1.6-1.21.1.jar ...
[2024-11-05 23:53:33][FINE] Loading textures from: mods/jei-1.21.1-fabric-19.21.0.247.jar ...
[2024-11-05 23:53:33][FINE] Loading textures from: mods/waystones-fabric-1.21.1-21.1.5.jar ...
[2024-11-05 23:53:33][FINE] Loading textures from: mods/formations-1.0.2-fabric-mc1.21.jar ...
[2024-11-05 23:53:33][FINE] Loading textures from: mods/[Fabric]CTOV-3-5-3a.jar ...
[2024-11-05 23:53:33][FINE] Loading textures from: mods/noisium-fabric-2.3.0+mc1.21-1.21.1.jar ...
[2024-11-05 23:53:33][FINE] Loading textures from: mods/servercore-fabric-1.5.5+1.21.1.jar ...
[2024-11-05 23:53:33][FINE] Loading textures from: mods/Palladium-1.21x-1.0.9.5.jar ...
[2024-11-05 23:53:33][FINE] Loading textures from: mods/portfolio-1.21.1-1.4.1-fabric.jar ...
[2024-11-05 23:53:33][FINE] Loading textures from: mods/YeehawTowns-1.0.3-1.21.x-fabric.jar ...
[2024-11-05 23:53:33][FINE] Loading textures from: mods/monolib-fabric-1.21.1-1.4.1.jar ...
[2024-11-05 23:53:33][FINE] Loading textures from: mods/energizedpower-1.21.1-2.12.4-fabric.jar ...
[2024-11-05 23:53:33][FINE] Failed to parse resource-file '/assets/energizedpower/textures/block/item_conveyor_belt.png': java.lang.NumberFormatException: Expected an int but was 2.5 at line 4 column 21 path $.animation.frametime
[2024-11-05 23:53:34][FINE] Loading textures from: mods/moremobvariants-fabric+1.21-1.3.1.1.jar ...
[2024-11-05 23:53:34][FINE] Loading textures from: mods/DungeonsAriseSevenSeas-1.21.x-1.0.3-fabric.jar ...
[2024-11-05 23:53:34][FINE] Loading textures from: mods/compact_storage-1.21-fabric-8.0.75.jar ...
[2024-11-05 23:53:34][FINE] Loading textures from: mods/tabtps-fabric-mc1.21.1-1.3.25.jar ...
[2024-11-05 23:53:34][FINE] Loading textures from: mods/affinity-0.1.5+1.21.jar ...
[2024-11-05 23:53:35][FINE] Loading textures from: mods/timo_11-6.4%2B1.21.2.jar ...
[2024-11-05 23:53:35][FINE] Loading textures from: mods/ToadLib-1.21x-1.1.6.jar ...
[2024-11-05 23:53:35][FINE] Loading textures from: mods/bclib-21.0.13.jar ...
[2024-11-05 23:53:35][FINE] Loading textures from: mods/better-end-21.0.11.jar ...
[2024-11-05 23:53:35][FINE] Loading textures from: mods/t_and_t-neoforge-fabric-1.13.2.jar ...
[2024-11-05 23:53:35][FINE] Loading textures from: mods/Wild_Tool_Access-1.21.1-1.5.1.jar ...
[2024-11-05 23:53:35][FINE] Loading textures from: mods/crafting-manipulator-5.2.0+1.21.jar ...
[2024-11-05 23:53:35][FINE] Loading textures from: mods/fallenwizardsmod-0.1.6-1.21.1.jar ...
[2024-11-05 23:53:35][FINE] Loading textures from: mods/AchievementOptimizer-fabric-1.21.1-1.2.0.jar ...
[2024-11-05 23:53:35][FINE] Loading textures from: mods/structure_pool_api-1.1.3%2B1.21.1.jar ...
[2024-11-05 23:53:35][FINE] Loading textures from: mods/mcw-doors-1.1.1-mc1.21.1fabric.jar ...
[2024-11-05 23:53:36][FINE] Loading textures from: mods/formationsnether-1.0.5-mc1.21+.jar ...
[2024-11-05 23:53:36][FINE] Loading textures from: mods/cloth-config-15.0.140-fabric.jar ...
[2024-11-05 23:53:36][FINE] Loading textures from: mods/UndergroundBunkers-1.0.4-1.21.x-fabric.jar ...
[2024-11-05 23:53:36][FINE] Loading textures from: mods/balm-fabric-1.21.1-21.0.20.jar ...
[2024-11-05 23:53:36][FINE] Loading textures from: mods/tgacmod-4.0.4-1.21.1.jar ...
[2024-11-05 23:53:36][FINE] Loading textures from: mods/fabric-api-0.107.0%2B1.21.1.jar ...
[2024-11-05 23:53:37][FINE] Loading textures from: mods/mcpitanlib-2.5.2-1.21-fabric.jar ...
[2024-11-05 23:53:37][FINE] Loading textures from: mods/bluemap-5.4-fabric.jar ...
[2024-11-05 23:53:37][FINE] Loading textures from: mods/appleskin-fabric-mc1.21-3.0.6.jar ...
[2024-11-05 23:53:37][FINE] Loading textures from: mods/vanilla-refresh-1.4.25_1.21.jar ...
[2024-11-05 23:53:37][FINE] Loading textures from: mods/trinkets-3.10.0.jar ...
[2024-11-05 23:53:37][FINE] Loading textures from: mods/spell_power-1.0.5%2B1.21.1.jar ...
[2024-11-05 23:53:37][FINE] Loading textures from: mods/owo-lib-0.12.15+1.21.jar ...
[2024-11-05 23:53:37][FINE] Loading textures from: mods/IronChests-2.0.4.jar ...
[2024-11-05 23:53:37][FINE] Loading textures from: mods/guardvillagers-2.1.2-1.21.jar ...
[2024-11-05 23:53:37][FINE] Loading textures from: mods/craftingtweaks-fabric-1.21.1-21.1.3.jar ...
[2024-11-05 23:53:37][FINE] Loading textures from: mods/lithostitched-fabric-1.21.1-1.3.4.jar ...
[2024-11-05 23:53:38][FINE] Loading textures from: mods/serversleep-datapack2.jar ...
[2024-11-05 23:53:38][FINE] Loading textures from: mods/lambdynamiclights-3.1.2%2B1.21.1.jar ...
[2024-11-05 23:53:38][FINE] Loading textures from: mods/player-animation-lib-fabric-2.0.0-alpha1%2B1.21.jar ...
[2024-11-05 23:53:38][FINE] Loading textures from: mods/blood_mages-0.0.7-1.21.1.jar ...
[2024-11-05 23:53:38][FINE] Loading textures from: mods/automessage-merged-1.21-2.3.0.jar ...
[2024-11-05 23:53:38][FINE] Loading textures from: mods/ferritecore-7.0.2-hotfix-fabric.jar ...
[2024-11-05 23:53:38][FINE] Loading textures from: mods/cristellib-fabric-1.2.8.jar ...
[2024-11-05 23:53:38][FINE] Loading textures from: bluemap/resourceExtensions.zip ...
[2024-11-05 23:53:38][FINE] Loading textures from: bluemap/minecraft-client-1.21.1.jar ...
[2024-11-05 23:53:39][INFO] Baking resources...
[2024-11-05 23:53:39][INFO] Resources loaded.
[2024-11-05 23:53:39][FINE] Loading world world#minecraft:the_end ...
[2024-11-05 23:53:39][FINE] Loading datapack...
[2024-11-05 23:53:39][FINE] Loading datapack from: mods/Xaeros_Minimap_24.6.1_Fabric_1.21.jar ...
[2024-11-05 23:53:39][FINE] Loading datapack from: mods/taacmod-0.0.3-1.21.1.jar ...
[2024-11-05 23:53:39][FINE] Loading datapack from: mods/spell_engine-1.1.2%2B1.21.1.jar ...
[2024-11-05 23:53:39][FINE] Loading datapack from: mods/NoChatReports-FABRIC-1.21.1-v2.9.0.jar ...
[2024-11-05 23:53:39][FINE] Loading datapack from: mods/JustEnoughResources-Fabric-1.21-1.6.0.11.jar ...
[2024-11-05 23:53:39][FINE] Loading datapack from: mods/cyclopscore-1.21.1-fabric-1.25.2-634.jar ...
[2024-11-05 23:53:39][FINE] Loading datapack from: mods/tidal-towns-1.3.3.jar ...
[2024-11-05 23:53:39][FINE] Loading datapack from: mods/ranged_weapon_api-2.0.4%2B1.21.1.jar ...
[2024-11-05 23:53:39][FINE] Loading datapack from: mods/food-plus-2.31+1.21.jar ...
[2024-11-05 23:53:39][FINE] Loading datapack from: mods/more_mobs-v1.5.2-mc1.14x-1.21x-mod.jar ...
[2024-11-05 23:53:39][FINE] Loading datapack from: mods/SkyVillages-1.0.6-1.21.x-fabric-release.jar ...
[2024-11-05 23:53:39][FINE] Loading datapack from: mods/hammersandtables-6.0.6+1.21.jar ...
[2024-11-05 23:53:39][FINE] Loading datapack from: mods/chat_heads-0.13.4-fabric-1.21.jar ...
[2024-11-05 23:53:39][FINE] Loading datapack from: mods/mvs-4.2.5-1.21.jar ...
[2024-11-05 23:53:39][FINE] Loading datapack from: mods/dungeons-and-taverns-v4.4.4.jar ...
[2024-11-05 23:53:39][FINE] Loading datapack from: mods/XaerosWorldMap_1.39.0_Fabric_1.21.jar ...
[2024-11-05 23:53:39][FINE] Loading datapack from: mods/tctimod-0.0.8-1.21.1.jar ...
[2024-11-05 23:53:39][FINE] Loading datapack from: mods/KeepInventorySortedSimple-0.3.1.jar ...
[2024-11-05 23:53:39][FINE] Loading datapack from: mods/lithium-fabric-mc1.21.1-0.13.1.jar ...
[2024-11-05 23:53:39][FINE] Loading datapack from: mods/mcw-holidays-1.1.0-mc1.21.1fabric.jar ...
[2024-11-05 23:53:39][FINE] Loading datapack from: mods/Zoomify-2.14.2%2B1.21.1.jar ...
[2024-11-05 23:53:39][FINE] Loading datapack from: mods/vmp-fabric-mc1.21.1-0.2.0+beta.7.169-all.jar ...
[2024-11-05 23:53:39][FINE] Loading datapack from: mods/battlemages-0.0.7-1.21.1.jar ...
[2024-11-05 23:53:39][FINE] Loading datapack from: mods/FarmersDelight-1.21-2.1.10+refabricated.jar ...
[2024-11-05 23:53:39][FINE] Loading datapack from: mods/runes-1.0.3%2B1.21.1.jar ...
[2024-11-05 23:53:39][FINE] Loading datapack from: mods/Discord-MC-Chat-2.3.5.jar ...
[2024-11-05 23:53:39][FINE] Loading datapack from: mods/better-nether-21.0.11.jar ...
[2024-11-05 23:53:39][FINE] Loading datapack from: mods/sodium-fabric-0.5.11%2Bmc1.21.jar ...
[2024-11-05 23:53:39][FINE] Loading datapack from: mods/itemswapper-fabric-0.7.2-mc1.21.jar ...
[2024-11-05 23:53:39][FINE] Loading datapack from: mods/dragonscale-0.0.2-1.21.1.jar ...
[2024-11-05 23:53:39][FINE] Loading datapack from: mods/mcw-windows-2.3.0-mc1.21.1fabric.jar ...
[2024-11-05 23:53:39][FINE] Loading datapack from: mods/modernfix-fabric-5.19.3+mc1.21.1.jar ...
[2024-11-05 23:53:39][FINE] Loading datapack from: mods/enchants-plus-1.3.jar ...
[2024-11-05 23:53:39][FINE] Loading datapack from: mods/c2me-fabric-mc1.21.1-0.3.0+alpha.0.295.jar ...
[2024-11-05 23:53:39][FINE] Loading datapack from: mods/bettercombat-fabric-2.0.3%2B1.21.1.jar ...
[2024-11-05 23:53:39][FINE] Loading datapack from: mods/tatimod-0.1.1-1.21.1.jar ...
[2024-11-05 23:53:39][FINE] Loading datapack from: mods/rogues-2.1.0%2B1.21.1.jar ...
[2024-11-05 23:53:39][FINE] Loading datapack from: mods/krypton-0.2.8.jar ...
[2024-11-05 23:53:39][FINE] Loading datapack from: mods/mcw-lights-1.1.1-mc1.21.1fabric.jar ...
[2024-11-05 23:53:39][FINE] Loading datapack from: mods/architectury-13.0.8-fabric.jar ...
[2024-11-05 23:53:39][FINE] Loading datapack from: mods/mcw-furniture-3.3.0-mc1.21.1fabric.jar ...
[2024-11-05 23:53:39][FINE] Loading datapack from: mods/moredelight-24.09.27-1.21-fabric.jar ...
[2024-11-05 23:53:39][FINE] Loading datapack from: mods/tdacmod-0.0.2-1.21.1.jar ...
[2024-11-05 23:53:39][FINE] Loading datapack from: mods/TerraBlender-fabric-1.21.1-4.1.0.5.jar ...
[2024-11-05 23:53:39][FINE] Loading datapack from: mods/graves-3.4.4+1.21.jar ...
[2024-11-05 23:53:39][FINE] Loading datapack from: mods/fabric-language-kotlin-1.12.3%2Bkotlin.2.0.21.jar ...
[2024-11-05 23:53:39][FINE] Loading datapack from: mods/dragonsteel-0.0.3-1.21.1.jar ...
[2024-11-05 23:53:39][FINE] Loading datapack from: mods/Terralith_1.21.x_v2.5.6.jar ...
[2024-11-05 23:53:39][FINE] Loading datapack from: mods/mcw-stairs-1.0.0-1.21.1fabric.jar ...
[2024-11-05 23:53:39][FINE] Loading datapack from: mods/ScalableLux-0.1.0+fabric.26c6e72-all.jar ...
[2024-11-05 23:53:39][FINE] Loading datapack from: mods/RoguelikeDungeons-2.0.8-1.21-fabric.jar ...
[2024-11-05 23:53:39][FINE] Loading datapack from: mods/ShieldAPI-2.0.2%2B1.21.1.jar ...
[2024-11-05 23:53:39][FINE] Loading datapack from: mods/Debugify-1.21.1+1.0.jar ...
[2024-11-05 23:53:39][FINE] Loading datapack from: mods/jewelry-2.0.2%2B1.21.1.jar ...
[2024-11-05 23:53:39][FINE] Loading datapack from: mods/lavender-0.1.14+1.21.jar ...
[2024-11-05 23:53:39][FINE] Loading datapack from: mods/paladins-2.1.1%2B1.21.1.jar ...
[2024-11-05 23:53:39][FINE] Loading datapack from: mods/ImmediatelyFast-Fabric-1.3.1+1.21.1.jar ...
[2024-11-05 23:53:39][FINE] Loading datapack from: mods/InventoryTweaks-3.0.jar ...
[2024-11-05 23:53:39][FINE] Loading datapack from: mods/morerunesmod-0.0.2-1.21.1.jar ...
[2024-11-05 23:53:39][FINE] Loading datapack from: mods/worldweaver-21.0.13.jar ...
[2024-11-05 23:53:39][FINE] Loading datapack from: mods/elemental_metals-0.0.4-1.21.1.jar ...
[2024-11-05 23:53:39][FINE] Loading datapack from: mods/wunderlib-21.0.8.jar ...
[2024-11-05 23:53:39][FINE] Loading datapack from: mods/Epic Dungeons-0.1.04-Fabric-1.21.jar ...
[2024-11-05 23:53:39][FINE] Loading datapack from: mods/cardinal-components-api-6.1.1.jar ...
[2024-11-05 23:53:39][FINE] Loading datapack from: mods/resourcefullib-fabric-1.21-3.0.11.jar ...
[2024-11-05 23:53:39][FINE] Loading datapack from: mods/ketkets-furnicraft-4.4.jar ...
[2024-11-05 23:53:39][FINE] Loading datapack from: mods/doubledoors-1.21.1-5.9.jar ...
[2024-11-05 23:53:39][FINE] Loading datapack from: mods/storagedelight-24.09.11-1.21-fabric.jar ...
[2024-11-05 23:53:39][FINE] Loading datapack from: mods/wizards-2.1.0%2B1.21.1.jar ...
[2024-11-05 23:53:39][FINE] Loading datapack from: mods/more_jewels-0.0.2-1.21.1.jar ...
[2024-11-05 23:53:39][FINE] Loading datapack from: mods/handcrafted-fabric-1.21.1-4.0.2.jar ...
[2024-11-05 23:53:39][FINE] Loading datapack from: mods/more_spell_attributes-0.0.7-1.21.1.jar ...
[2024-11-05 23:53:39][FINE] Loading datapack from: mods/thaumon-fabric-2.3.0+1.21.jar ...
[2024-11-05 23:53:39][FINE] Loading datapack from: mods/fpapmod-2.2.4-1.21.1.jar ...
[2024-11-05 23:53:39][FINE] Loading datapack from: mods/modmenu-11.0.3.jar ...
[2024-11-05 23:53:39][FINE] Loading datapack from: mods/YetAnotherConfigLib-3.6.1%2B1.21-fabric.jar ...
[2024-11-05 23:53:39][FINE] Loading datapack from: mods/azurelibarmor-fabric-1.21.1-2.3.13.jar ...
[2024-11-05 23:53:39][FINE] Loading datapack from: mods/villager-transportation-1.3.1.jar ...
[2024-11-05 23:53:39][FINE] Loading datapack from: mods/squatgrow-fabric-21.1.0%2Bmc1.21.1.jar ...
[2024-11-05 23:53:39][FINE] Loading datapack from: mods/NaturesCompass-1.21-2.2.6-fabric.jar ...
[2024-11-05 23:53:39][FINE] Loading datapack from: mods/HopoBetterUnderwaterRuins-[1.21.1-1.21.3]-1.2.1.jar ...
[2024-11-05 23:53:39][FINE] Loading datapack from: mods/druid-0.0.7-1.21.1.jar ...
[2024-11-05 23:53:39][FINE] Loading datapack from: mods/ImmersiveOres-1.21.1-0.1.jar ...
[2024-11-05 23:53:39][FINE] Loading datapack from: mods/enchant-tooltips-1.0.1.jar ...
[2024-11-05 23:53:39][FINE] Loading datapack from: mods/MouseTweaks-fabric-mc1.21-2.26.jar ...
[2024-11-05 23:53:39][FINE] Loading datapack from: mods/DungeonsArise-1.21.x-2.1.60-fabric-release.jar ...
[2024-11-05 23:53:39][FINE] Loading datapack from: mods/notenoughcrashes-4.4.8%2B1.21-fabric.jar ...
[2024-11-05 23:53:39][FINE] Loading datapack from: mods/formationsoverworld-1.0.4-mc1.21+.jar ...
[2024-11-05 23:53:39][FINE] Loading datapack from: mods/Wabi-Sabi Structures 3.0.1-1.21.jar ...
[2024-11-05 23:53:39][FINE] Loading datapack from: mods/AdditionalStructures-1.21.x-%28v.5.0.1-fabric%29.jar ...
[2024-11-05 23:53:39][FINE] Loading datapack from: mods/tsapmod-0.0.1-1.21.1.jar ...
[2024-11-05 23:53:39][FINE] Loading datapack from: mods/collective-1.21.1-7.87.jar ...
[2024-11-05 23:53:39][FINE] Loading datapack from: mods/AureljPaintings-1.0.4-1.21.x-fabric.jar ...
[2024-11-05 23:53:39][FINE] Loading datapack from: mods/itemalchemy-1.0.5.jar ...
[2024-11-05 23:53:39][FINE] Loading datapack from: mods/sit-anywhere-by-sozoka-1.1.1.jar ...
[2024-11-05 23:53:39][FINE] Loading datapack from: mods/modonomicon-1.21.1-fabric-1.108.2.jar ...
[2024-11-05 23:53:39][FINE] Loading datapack from: mods/archers-2.1.1%2B1.21.1.jar ...
[2024-11-05 23:53:39][FINE] Loading datapack from: mods/FallingTree-1.21.1-1.21.1.2.jar ...
[2024-11-05 23:53:39][FINE] Loading datapack from: mods/morewizardsmod-0.1.6-1.21.1.jar ...
[2024-11-05 23:53:39][FINE] Loading datapack from: mods/jei-1.21.1-fabric-19.21.0.247.jar ...
[2024-11-05 23:53:39][FINE] Loading datapack from: mods/waystones-fabric-1.21.1-21.1.5.jar ...
[2024-11-05 23:53:39][FINE] Loading datapack from: mods/formations-1.0.2-fabric-mc1.21.jar ...
[2024-11-05 23:53:39][FINE] Loading datapack from: mods/[Fabric]CTOV-3-5-3a.jar ...
[2024-11-05 23:53:39][FINE] Loading datapack from: mods/noisium-fabric-2.3.0+mc1.21-1.21.1.jar ...
[2024-11-05 23:53:39][FINE] Loading datapack from: mods/servercore-fabric-1.5.5+1.21.1.jar ...
[2024-11-05 23:53:39][FINE] Loading datapack from: mods/Palladium-1.21x-1.0.9.5.jar ...
[2024-11-05 23:53:39][FINE] Loading datapack from: mods/portfolio-1.21.1-1.4.1-fabric.jar ...
[2024-11-05 23:53:39][FINE] Loading datapack from: mods/YeehawTowns-1.0.3-1.21.x-fabric.jar ...
[2024-11-05 23:53:39][FINE] Loading datapack from: mods/monolib-fabric-1.21.1-1.4.1.jar ...
[2024-11-05 23:53:39][FINE] Loading datapack from: mods/energizedpower-1.21.1-2.12.4-fabric.jar ...
[2024-11-05 23:53:39][FINE] Loading datapack from: mods/moremobvariants-fabric+1.21-1.3.1.1.jar ...
[2024-11-05 23:53:39][FINE] Loading datapack from: mods/DungeonsAriseSevenSeas-1.21.x-1.0.3-fabric.jar ...
[2024-11-05 23:53:39][FINE] Loading datapack from: mods/compact_storage-1.21-fabric-8.0.75.jar ...
[2024-11-05 23:53:39][FINE] Loading datapack from: mods/tabtps-fabric-mc1.21.1-1.3.25.jar ...
[2024-11-05 23:53:39][FINE] Loading datapack from: mods/affinity-0.1.5+1.21.jar ...
[2024-11-05 23:53:39][FINE] Loading datapack from: mods/timo_11-6.4%2B1.21.2.jar ...
[2024-11-05 23:53:39][FINE] Loading datapack from: mods/ToadLib-1.21x-1.1.6.jar ...
[2024-11-05 23:53:39][FINE] Loading datapack from: mods/bclib-21.0.13.jar ...
[2024-11-05 23:53:39][FINE] Loading datapack from: mods/better-end-21.0.11.jar ...
[2024-11-05 23:53:39][FINE] Loading datapack from: mods/t_and_t-neoforge-fabric-1.13.2.jar ...
[2024-11-05 23:53:39][FINE] Loading datapack from: mods/Wild_Tool_Access-1.21.1-1.5.1.jar ...
[2024-11-05 23:53:39][FINE] Loading datapack from: mods/crafting-manipulator-5.2.0+1.21.jar ...
[2024-11-05 23:53:39][FINE] Loading datapack from: mods/fallenwizardsmod-0.1.6-1.21.1.jar ...
[2024-11-05 23:53:39][FINE] Loading datapack from: mods/AchievementOptimizer-fabric-1.21.1-1.2.0.jar ...
[2024-11-05 23:53:39][FINE] Loading datapack from: mods/structure_pool_api-1.1.3%2B1.21.1.jar ...
[2024-11-05 23:53:39][FINE] Loading datapack from: mods/mcw-doors-1.1.1-mc1.21.1fabric.jar ...
[2024-11-05 23:53:39][FINE] Loading datapack from: mods/formationsnether-1.0.5-mc1.21+.jar ...
[2024-11-05 23:53:39][FINE] Loading datapack from: mods/cloth-config-15.0.140-fabric.jar ...
[2024-11-05 23:53:39][FINE] Loading datapack from: mods/UndergroundBunkers-1.0.4-1.21.x-fabric.jar ...
[2024-11-05 23:53:39][FINE] Loading datapack from: mods/balm-fabric-1.21.1-21.0.20.jar ...
[2024-11-05 23:53:39][FINE] Loading datapack from: mods/tgacmod-4.0.4-1.21.1.jar ...
[2024-11-05 23:53:39][FINE] Loading datapack from: mods/fabric-api-0.107.0%2B1.21.1.jar ...
[2024-11-05 23:53:39][FINE] Loading datapack from: mods/mcpitanlib-2.5.2-1.21-fabric.jar ...
[2024-11-05 23:53:39][FINE] Loading datapack from: mods/bluemap-5.4-fabric.jar ...
[2024-11-05 23:53:39][FINE] Loading datapack from: mods/appleskin-fabric-mc1.21-3.0.6.jar ...
[2024-11-05 23:53:39][FINE] Loading datapack from: mods/vanilla-refresh-1.4.25_1.21.jar ...
[2024-11-05 23:53:40][FINE] Loading datapack from: mods/trinkets-3.10.0.jar ...
[2024-11-05 23:53:40][FINE] Loading datapack from: mods/spell_power-1.0.5%2B1.21.1.jar ...
[2024-11-05 23:53:40][FINE] Loading datapack from: mods/owo-lib-0.12.15+1.21.jar ...
[2024-11-05 23:53:40][FINE] Loading datapack from: mods/IronChests-2.0.4.jar ...
[2024-11-05 23:53:40][FINE] Loading datapack from: mods/guardvillagers-2.1.2-1.21.jar ...
[2024-11-05 23:53:40][FINE] Loading datapack from: mods/craftingtweaks-fabric-1.21.1-21.1.3.jar ...
[2024-11-05 23:53:40][FINE] Loading datapack from: mods/lithostitched-fabric-1.21.1-1.3.4.jar ...
[2024-11-05 23:53:40][FINE] Loading datapack from: mods/serversleep-datapack2.jar ...
[2024-11-05 23:53:40][FINE] Loading datapack from: mods/lambdynamiclights-3.1.2%2B1.21.1.jar ...
[2024-11-05 23:53:40][FINE] Loading datapack from: mods/player-animation-lib-fabric-2.0.0-alpha1%2B1.21.jar ...
[2024-11-05 23:53:40][FINE] Loading datapack from: mods/blood_mages-0.0.7-1.21.1.jar ...
[2024-11-05 23:53:40][FINE] Loading datapack from: mods/automessage-merged-1.21-2.3.0.jar ...
[2024-11-05 23:53:40][FINE] Loading datapack from: mods/ferritecore-7.0.2-hotfix-fabric.jar ...
[2024-11-05 23:53:40][FINE] Loading datapack from: mods/cristellib-fabric-1.2.8.jar ...
[2024-11-05 23:53:40][FINE] Loading datapack from: bluemap/resourceExtensions.zip ...
[2024-11-05 23:53:40][FINE] Loading datapack from: bluemap/minecraft-client-1.21.1.jar ...
[2024-11-05 23:53:40][FINE] Baking datapack...
[2024-11-05 23:53:40][FINE] Datapack loaded.
[2024-11-05 23:53:40][INFO] Initializing Storage: 'file' (Type: 'bluemap:file')
[2024-11-05 23:53:40][INFO] Loading map 'world_the_end'...
[2024-11-05 23:53:40][FINE] Loading render-state for map 'world_the_end'
[2024-11-05 23:53:40][FINE] Loading textures for map 'world_the_end'
[2024-11-05 23:53:40][FINE] Loading world world#minecraft:overworld ...
[2024-11-05 23:53:40][FINE] Loading datapack...
[2024-11-05 23:53:40][FINE] Loading datapack from: mods/Xaeros_Minimap_24.6.1_Fabric_1.21.jar ...
[2024-11-05 23:53:40][FINE] Loading datapack from: mods/taacmod-0.0.3-1.21.1.jar ...
[2024-11-05 23:53:40][FINE] Loading datapack from: mods/spell_engine-1.1.2%2B1.21.1.jar ...
[2024-11-05 23:53:40][FINE] Loading datapack from: mods/NoChatReports-FABRIC-1.21.1-v2.9.0.jar ...
[2024-11-05 23:53:40][FINE] Loading datapack from: mods/JustEnoughResources-Fabric-1.21-1.6.0.11.jar ...
[2024-11-05 23:53:40][FINE] Loading datapack from: mods/cyclopscore-1.21.1-fabric-1.25.2-634.jar ...
[2024-11-05 23:53:40][FINE] Loading datapack from: mods/tidal-towns-1.3.3.jar ...
[2024-11-05 23:53:40][FINE] Loading datapack from: mods/ranged_weapon_api-2.0.4%2B1.21.1.jar ...
[2024-11-05 23:53:40][FINE] Loading datapack from: mods/food-plus-2.31+1.21.jar ...
[2024-11-05 23:53:40][FINE] Loading datapack from: mods/more_mobs-v1.5.2-mc1.14x-1.21x-mod.jar ...
[2024-11-05 23:53:40][FINE] Loading datapack from: mods/SkyVillages-1.0.6-1.21.x-fabric-release.jar ...
[2024-11-05 23:53:40][FINE] Loading datapack from: mods/hammersandtables-6.0.6+1.21.jar ...
[2024-11-05 23:53:40][FINE] Loading datapack from: mods/chat_heads-0.13.4-fabric-1.21.jar ...
[2024-11-05 23:53:40][FINE] Loading datapack from: mods/mvs-4.2.5-1.21.jar ...
[2024-11-05 23:53:40][FINE] Loading datapack from: mods/dungeons-and-taverns-v4.4.4.jar ...
[2024-11-05 23:53:40][FINE] Loading datapack from: mods/XaerosWorldMap_1.39.0_Fabric_1.21.jar ...
[2024-11-05 23:53:40][FINE] Loading datapack from: mods/tctimod-0.0.8-1.21.1.jar ...
[2024-11-05 23:53:40][FINE] Loading datapack from: mods/KeepInventorySortedSimple-0.3.1.jar ...
[2024-11-05 23:53:40][FINE] Loading datapack from: mods/lithium-fabric-mc1.21.1-0.13.1.jar ...
[2024-11-05 23:53:40][FINE] Loading datapack from: mods/mcw-holidays-1.1.0-mc1.21.1fabric.jar ...
[2024-11-05 23:53:40][FINE] Loading datapack from: mods/Zoomify-2.14.2%2B1.21.1.jar ...
[2024-11-05 23:53:40][FINE] Loading datapack from: mods/vmp-fabric-mc1.21.1-0.2.0+beta.7.169-all.jar ...
[2024-11-05 23:53:40][FINE] Loading datapack from: mods/battlemages-0.0.7-1.21.1.jar ...
[2024-11-05 23:53:40][FINE] Loading datapack from: mods/FarmersDelight-1.21-2.1.10+refabricated.jar ...
[2024-11-05 23:53:40][FINE] Loading datapack from: mods/runes-1.0.3%2B1.21.1.jar ...
[2024-11-05 23:53:40][FINE] Loading datapack from: mods/Discord-MC-Chat-2.3.5.jar ...
[2024-11-05 23:53:40][FINE] Loading datapack from: mods/better-nether-21.0.11.jar ...
[2024-11-05 23:53:40][FINE] Loading datapack from: mods/sodium-fabric-0.5.11%2Bmc1.21.jar ...
[2024-11-05 23:53:40][FINE] Loading datapack from: mods/itemswapper-fabric-0.7.2-mc1.21.jar ...
[2024-11-05 23:53:40][FINE] Loading datapack from: mods/dragonscale-0.0.2-1.21.1.jar ...
[2024-11-05 23:53:40][FINE] Loading datapack from: mods/mcw-windows-2.3.0-mc1.21.1fabric.jar ...
[2024-11-05 23:53:40][FINE] Loading datapack from: mods/modernfix-fabric-5.19.3+mc1.21.1.jar ...
[2024-11-05 23:53:40][FINE] Loading datapack from: mods/enchants-plus-1.3.jar ...
[2024-11-05 23:53:40][FINE] Loading datapack from: mods/c2me-fabric-mc1.21.1-0.3.0+alpha.0.295.jar ...
[2024-11-05 23:53:40][FINE] Loading datapack from: mods/bettercombat-fabric-2.0.3%2B1.21.1.jar ...
[2024-11-05 23:53:40][FINE] Loading datapack from: mods/tatimod-0.1.1-1.21.1.jar ...
[2024-11-05 23:53:40][FINE] Loading datapack from: mods/rogues-2.1.0%2B1.21.1.jar ...
[2024-11-05 23:53:40][FINE] Loading datapack from: mods/krypton-0.2.8.jar ...
[2024-11-05 23:53:40][FINE] Loading datapack from: mods/mcw-lights-1.1.1-mc1.21.1fabric.jar ...
[2024-11-05 23:53:40][FINE] Loading datapack from: mods/architectury-13.0.8-fabric.jar ...
[2024-11-05 23:53:40][FINE] Loading datapack from: mods/mcw-furniture-3.3.0-mc1.21.1fabric.jar ...
[2024-11-05 23:53:40][FINE] Loading datapack from: mods/moredelight-24.09.27-1.21-fabric.jar ...
[2024-11-05 23:53:40][FINE] Loading datapack from: mods/tdacmod-0.0.2-1.21.1.jar ...
[2024-11-05 23:53:40][FINE] Loading datapack from: mods/TerraBlender-fabric-1.21.1-4.1.0.5.jar ...
[2024-11-05 23:53:40][FINE] Loading datapack from: mods/graves-3.4.4+1.21.jar ...
[2024-11-05 23:53:41][FINE] Loading datapack from: mods/fabric-language-kotlin-1.12.3%2Bkotlin.2.0.21.jar ...
[2024-11-05 23:53:41][FINE] Loading datapack from: mods/dragonsteel-0.0.3-1.21.1.jar ...
[2024-11-05 23:53:41][FINE] Loading datapack from: mods/Terralith_1.21.x_v2.5.6.jar ...
[2024-11-05 23:53:41][FINE] Loading datapack from: mods/mcw-stairs-1.0.0-1.21.1fabric.jar ...
[2024-11-05 23:53:41][FINE] Loading datapack from: mods/ScalableLux-0.1.0+fabric.26c6e72-all.jar ...
[2024-11-05 23:53:41][FINE] Loading datapack from: mods/RoguelikeDungeons-2.0.8-1.21-fabric.jar ...
[2024-11-05 23:53:41][FINE] Loading datapack from: mods/ShieldAPI-2.0.2%2B1.21.1.jar ...
[2024-11-05 23:53:41][FINE] Loading datapack from: mods/Debugify-1.21.1+1.0.jar ...
[2024-11-05 23:53:41][FINE] Loading datapack from: mods/jewelry-2.0.2%2B1.21.1.jar ...
[2024-11-05 23:53:41][FINE] Loading datapack from: mods/lavender-0.1.14+1.21.jar ...
[2024-11-05 23:53:41][FINE] Loading datapack from: mods/paladins-2.1.1%2B1.21.1.jar ...
[2024-11-05 23:53:41][FINE] Loading datapack from: mods/ImmediatelyFast-Fabric-1.3.1+1.21.1.jar ...
[2024-11-05 23:53:41][FINE] Loading datapack from: mods/InventoryTweaks-3.0.jar ...
[2024-11-05 23:53:41][FINE] Loading datapack from: mods/morerunesmod-0.0.2-1.21.1.jar ...
[2024-11-05 23:53:41][FINE] Loading datapack from: mods/worldweaver-21.0.13.jar ...
[2024-11-05 23:53:41][FINE] Loading datapack from: mods/elemental_metals-0.0.4-1.21.1.jar ...
[2024-11-05 23:53:41][FINE] Loading datapack from: mods/wunderlib-21.0.8.jar ...
[2024-11-05 23:53:41][FINE] Loading datapack from: mods/Epic Dungeons-0.1.04-Fabric-1.21.jar ...
[2024-11-05 23:53:41][FINE] Loading datapack from: mods/cardinal-components-api-6.1.1.jar ...
[2024-11-05 23:53:41][FINE] Loading datapack from: mods/resourcefullib-fabric-1.21-3.0.11.jar ...
[2024-11-05 23:53:41][FINE] Loading datapack from: mods/ketkets-furnicraft-4.4.jar ...
[2024-11-05 23:53:41][FINE] Loading datapack from: mods/doubledoors-1.21.1-5.9.jar ...
[2024-11-05 23:53:41][FINE] Loading datapack from: mods/storagedelight-24.09.11-1.21-fabric.jar ...
[2024-11-05 23:53:41][FINE] Loading datapack from: mods/wizards-2.1.0%2B1.21.1.jar ...
[2024-11-05 23:53:41][FINE] Loading datapack from: mods/more_jewels-0.0.2-1.21.1.jar ...
[2024-11-05 23:53:41][FINE] Loading datapack from: mods/handcrafted-fabric-1.21.1-4.0.2.jar ...
[2024-11-05 23:53:41][FINE] Loading datapack from: mods/more_spell_attributes-0.0.7-1.21.1.jar ...
[2024-11-05 23:53:41][FINE] Loading datapack from: mods/thaumon-fabric-2.3.0+1.21.jar ...
[2024-11-05 23:53:41][FINE] Loading datapack from: mods/fpapmod-2.2.4-1.21.1.jar ...
[2024-11-05 23:53:41][FINE] Loading datapack from: mods/modmenu-11.0.3.jar ...
[2024-11-05 23:53:41][FINE] Loading datapack from: mods/YetAnotherConfigLib-3.6.1%2B1.21-fabric.jar ...
[2024-11-05 23:53:41][FINE] Loading datapack from: mods/azurelibarmor-fabric-1.21.1-2.3.13.jar ...
[2024-11-05 23:53:41][FINE] Loading datapack from: mods/villager-transportation-1.3.1.jar ...
[2024-11-05 23:53:41][FINE] Loading datapack from: mods/squatgrow-fabric-21.1.0%2Bmc1.21.1.jar ...
[2024-11-05 23:53:41][FINE] Loading datapack from: mods/NaturesCompass-1.21-2.2.6-fabric.jar ...
[2024-11-05 23:53:41][FINE] Loading datapack from: mods/HopoBetterUnderwaterRuins-[1.21.1-1.21.3]-1.2.1.jar ...
[2024-11-05 23:53:41][FINE] Loading datapack from: mods/druid-0.0.7-1.21.1.jar ...
[2024-11-05 23:53:41][FINE] Loading datapack from: mods/ImmersiveOres-1.21.1-0.1.jar ...
[2024-11-05 23:53:41][FINE] Loading datapack from: mods/enchant-tooltips-1.0.1.jar ...
[2024-11-05 23:53:41][FINE] Loading datapack from: mods/MouseTweaks-fabric-mc1.21-2.26.jar ...
[2024-11-05 23:53:41][FINE] Loading datapack from: mods/DungeonsArise-1.21.x-2.1.60-fabric-release.jar ...
[2024-11-05 23:53:41][FINE] Loading datapack from: mods/notenoughcrashes-4.4.8%2B1.21-fabric.jar ...
[2024-11-05 23:53:41][FINE] Loading datapack from: mods/formationsoverworld-1.0.4-mc1.21+.jar ...
[2024-11-05 23:53:41][FINE] Loading datapack from: mods/Wabi-Sabi Structures 3.0.1-1.21.jar ...
[2024-11-05 23:53:41][FINE] Loading datapack from: mods/AdditionalStructures-1.21.x-%28v.5.0.1-fabric%29.jar ...
[2024-11-05 23:53:41][FINE] Loading datapack from: mods/tsapmod-0.0.1-1.21.1.jar ...
[2024-11-05 23:53:41][FINE] Loading datapack from: mods/collective-1.21.1-7.87.jar ...
[2024-11-05 23:53:41][FINE] Loading datapack from: mods/AureljPaintings-1.0.4-1.21.x-fabric.jar ...
[2024-11-05 23:53:41][FINE] Loading datapack from: mods/itemalchemy-1.0.5.jar ...
[2024-11-05 23:53:41][FINE] Loading datapack from: mods/sit-anywhere-by-sozoka-1.1.1.jar ...
[2024-11-05 23:53:41][FINE] Loading datapack from: mods/modonomicon-1.21.1-fabric-1.108.2.jar ...
[2024-11-05 23:53:41][FINE] Loading datapack from: mods/archers-2.1.1%2B1.21.1.jar ...
[2024-11-05 23:53:41][FINE] Loading datapack from: mods/FallingTree-1.21.1-1.21.1.2.jar ...
[2024-11-05 23:53:41][FINE] Loading datapack from: mods/morewizardsmod-0.1.6-1.21.1.jar ...
[2024-11-05 23:53:41][FINE] Loading datapack from: mods/jei-1.21.1-fabric-19.21.0.247.jar ...
[2024-11-05 23:53:41][FINE] Loading datapack from: mods/waystones-fabric-1.21.1-21.1.5.jar ...
[2024-11-05 23:53:41][FINE] Loading datapack from: mods/formations-1.0.2-fabric-mc1.21.jar ...
[2024-11-05 23:53:41][FINE] Loading datapack from: mods/[Fabric]CTOV-3-5-3a.jar ...
[2024-11-05 23:53:41][FINE] Loading datapack from: mods/noisium-fabric-2.3.0+mc1.21-1.21.1.jar ...
[2024-11-05 23:53:41][FINE] Loading datapack from: mods/servercore-fabric-1.5.5+1.21.1.jar ...
[2024-11-05 23:53:41][FINE] Loading datapack from: mods/Palladium-1.21x-1.0.9.5.jar ...
[2024-11-05 23:53:41][FINE] Loading datapack from: mods/portfolio-1.21.1-1.4.1-fabric.jar ...
[2024-11-05 23:53:41][FINE] Loading datapack from: mods/YeehawTowns-1.0.3-1.21.x-fabric.jar ...
[2024-11-05 23:53:41][FINE] Loading datapack from: mods/monolib-fabric-1.21.1-1.4.1.jar ...
[2024-11-05 23:53:41][FINE] Loading datapack from: mods/energizedpower-1.21.1-2.12.4-fabric.jar ...
[2024-11-05 23:53:41][FINE] Loading datapack from: mods/moremobvariants-fabric+1.21-1.3.1.1.jar ...
[2024-11-05 23:53:41][FINE] Loading datapack from: mods/DungeonsAriseSevenSeas-1.21.x-1.0.3-fabric.jar ...
[2024-11-05 23:53:41][FINE] Loading datapack from: mods/compact_storage-1.21-fabric-8.0.75.jar ...
[2024-11-05 23:53:41][FINE] Loading datapack from: mods/tabtps-fabric-mc1.21.1-1.3.25.jar ...
[2024-11-05 23:53:41][FINE] Loading datapack from: mods/affinity-0.1.5+1.21.jar ...
[2024-11-05 23:53:41][FINE] Loading datapack from: mods/timo_11-6.4%2B1.21.2.jar ...
[2024-11-05 23:53:41][FINE] Loading datapack from: mods/ToadLib-1.21x-1.1.6.jar ...
[2024-11-05 23:53:41][FINE] Loading datapack from: mods/bclib-21.0.13.jar ...
[2024-11-05 23:53:41][FINE] Loading datapack from: mods/better-end-21.0.11.jar ...
[2024-11-05 23:53:41][FINE] Loading datapack from: mods/t_and_t-neoforge-fabric-1.13.2.jar ...
[2024-11-05 23:53:41][FINE] Loading datapack from: mods/Wild_Tool_Access-1.21.1-1.5.1.jar ...
[2024-11-05 23:53:41][FINE] Loading datapack from: mods/crafting-manipulator-5.2.0+1.21.jar ...
[2024-11-05 23:53:41][FINE] Loading datapack from: mods/fallenwizardsmod-0.1.6-1.21.1.jar ...
[2024-11-05 23:53:41][FINE] Loading datapack from: mods/AchievementOptimizer-fabric-1.21.1-1.2.0.jar ...
[2024-11-05 23:53:41][FINE] Loading datapack from: mods/structure_pool_api-1.1.3%2B1.21.1.jar ...
[2024-11-05 23:53:41][FINE] Loading datapack from: mods/mcw-doors-1.1.1-mc1.21.1fabric.jar ...
[2024-11-05 23:53:41][FINE] Loading datapack from: mods/formationsnether-1.0.5-mc1.21+.jar ...
[2024-11-05 23:53:41][FINE] Loading datapack from: mods/cloth-config-15.0.140-fabric.jar ...
[2024-11-05 23:53:41][FINE] Loading datapack from: mods/UndergroundBunkers-1.0.4-1.21.x-fabric.jar ...
[2024-11-05 23:53:41][FINE] Loading datapack from: mods/balm-fabric-1.21.1-21.0.20.jar ...
[2024-11-05 23:53:41][FINE] Loading datapack from: mods/tgacmod-4.0.4-1.21.1.jar ...
[2024-11-05 23:53:41][FINE] Loading datapack from: mods/fabric-api-0.107.0%2B1.21.1.jar ...
[2024-11-05 23:53:41][FINE] Loading datapack from: mods/mcpitanlib-2.5.2-1.21-fabric.jar ...
[2024-11-05 23:53:41][FINE] Loading datapack from: mods/bluemap-5.4-fabric.jar ...
[2024-11-05 23:53:41][FINE] Loading datapack from: mods/appleskin-fabric-mc1.21-3.0.6.jar ...
[2024-11-05 23:53:41][FINE] Loading datapack from: mods/vanilla-refresh-1.4.25_1.21.jar ...
[2024-11-05 23:53:41][FINE] Loading datapack from: mods/trinkets-3.10.0.jar ...
[2024-11-05 23:53:41][FINE] Loading datapack from: mods/spell_power-1.0.5%2B1.21.1.jar ...
[2024-11-05 23:53:41][FINE] Loading datapack from: mods/owo-lib-0.12.15+1.21.jar ...
[2024-11-05 23:53:41][FINE] Loading datapack from: mods/IronChests-2.0.4.jar ...
[2024-11-05 23:53:41][FINE] Loading datapack from: mods/guardvillagers-2.1.2-1.21.jar ...
[2024-11-05 23:53:41][FINE] Loading datapack from: mods/craftingtweaks-fabric-1.21.1-21.1.3.jar ...
[2024-11-05 23:53:41][FINE] Loading datapack from: mods/lithostitched-fabric-1.21.1-1.3.4.jar ...
[2024-11-05 23:53:41][FINE] Loading datapack from: mods/serversleep-datapack2.jar ...
[2024-11-05 23:53:41][FINE] Loading datapack from: mods/lambdynamiclights-3.1.2%2B1.21.1.jar ...
[2024-11-05 23:53:41][FINE] Loading datapack from: mods/player-animation-lib-fabric-2.0.0-alpha1%2B1.21.jar ...
[2024-11-05 23:53:41][FINE] Loading datapack from: mods/blood_mages-0.0.7-1.21.1.jar ...
[2024-11-05 23:53:41][FINE] Loading datapack from: mods/automessage-merged-1.21-2.3.0.jar ...
[2024-11-05 23:53:41][FINE] Loading datapack from: mods/ferritecore-7.0.2-hotfix-fabric.jar ...
[2024-11-05 23:53:41][FINE] Loading datapack from: mods/cristellib-fabric-1.2.8.jar ...
[2024-11-05 23:53:41][FINE] Loading datapack from: bluemap/resourceExtensions.zip ...
[2024-11-05 23:53:41][FINE] Loading datapack from: bluemap/minecraft-client-1.21.1.jar ...
[2024-11-05 23:53:41][FINE] Baking datapack...
[2024-11-05 23:53:41][FINE] Datapack loaded.
[2024-11-05 23:53:41][INFO] Loading map 'world'...
[2024-11-05 23:53:41][FINE] Loading render-state for map 'world'
[2024-11-05 23:53:41][FINE] Loading textures for map 'world'
[2024-11-05 23:53:41][FINE] Loading world world#minecraft:the_nether ...
[2024-11-05 23:53:41][FINE] Loading datapack...
[2024-11-05 23:53:41][FINE] Loading datapack from: mods/Xaeros_Minimap_24.6.1_Fabric_1.21.jar ...
[2024-11-05 23:53:41][FINE] Loading datapack from: mods/taacmod-0.0.3-1.21.1.jar ...
[2024-11-05 23:53:41][FINE] Loading datapack from: mods/spell_engine-1.1.2%2B1.21.1.jar ...
[2024-11-05 23:53:41][FINE] Loading datapack from: mods/NoChatReports-FABRIC-1.21.1-v2.9.0.jar ...
[2024-11-05 23:53:41][FINE] Loading datapack from: mods/JustEnoughResources-Fabric-1.21-1.6.0.11.jar ...
[2024-11-05 23:53:41][FINE] Loading datapack from: mods/cyclopscore-1.21.1-fabric-1.25.2-634.jar ...
[2024-11-05 23:53:41][FINE] Loading datapack from: mods/tidal-towns-1.3.3.jar ...
[2024-11-05 23:53:41][FINE] Loading datapack from: mods/ranged_weapon_api-2.0.4%2B1.21.1.jar ...
[2024-11-05 23:53:41][FINE] Loading datapack from: mods/food-plus-2.31+1.21.jar ...
[2024-11-05 23:53:41][FINE] Loading datapack from: mods/more_mobs-v1.5.2-mc1.14x-1.21x-mod.jar ...
[2024-11-05 23:53:41][FINE] Loading datapack from: mods/SkyVillages-1.0.6-1.21.x-fabric-release.jar ...
[2024-11-05 23:53:41][FINE] Loading datapack from: mods/hammersandtables-6.0.6+1.21.jar ...
[2024-11-05 23:53:41][FINE] Loading datapack from: mods/chat_heads-0.13.4-fabric-1.21.jar ...
[2024-11-05 23:53:41][FINE] Loading datapack from: mods/mvs-4.2.5-1.21.jar ...
[2024-11-05 23:53:41][FINE] Loading datapack from: mods/dungeons-and-taverns-v4.4.4.jar ...
[2024-11-05 23:53:41][FINE] Loading datapack from: mods/XaerosWorldMap_1.39.0_Fabric_1.21.jar ...
[2024-11-05 23:53:41][FINE] Loading datapack from: mods/tctimod-0.0.8-1.21.1.jar ...
[2024-11-05 23:53:41][FINE] Loading datapack from: mods/KeepInventorySortedSimple-0.3.1.jar ...
[2024-11-05 23:53:41][FINE] Loading datapack from: mods/lithium-fabric-mc1.21.1-0.13.1.jar ...
[2024-11-05 23:53:41][FINE] Loading datapack from: mods/mcw-holidays-1.1.0-mc1.21.1fabric.jar ...
[2024-11-05 23:53:41][FINE] Loading datapack from: mods/Zoomify-2.14.2%2B1.21.1.jar ...
[2024-11-05 23:53:41][FINE] Loading datapack from: mods/vmp-fabric-mc1.21.1-0.2.0+beta.7.169-all.jar ...
[2024-11-05 23:53:41][FINE] Loading datapack from: mods/battlemages-0.0.7-1.21.1.jar ...
[2024-11-05 23:53:41][FINE] Loading datapack from: mods/FarmersDelight-1.21-2.1.10+refabricated.jar ...
[2024-11-05 23:53:41][FINE] Loading datapack from: mods/runes-1.0.3%2B1.21.1.jar ...
[2024-11-05 23:53:41][FINE] Loading datapack from: mods/Discord-MC-Chat-2.3.5.jar ...
[2024-11-05 23:53:42][FINE] Loading datapack from: mods/better-nether-21.0.11.jar ...
[2024-11-05 23:53:42][FINE] Loading datapack from: mods/sodium-fabric-0.5.11%2Bmc1.21.jar ...
[2024-11-05 23:53:42][FINE] Loading datapack from: mods/itemswapper-fabric-0.7.2-mc1.21.jar ...
[2024-11-05 23:53:42][FINE] Loading datapack from: mods/dragonscale-0.0.2-1.21.1.jar ...
[2024-11-05 23:53:42][FINE] Loading datapack from: mods/mcw-windows-2.3.0-mc1.21.1fabric.jar ...
[2024-11-05 23:53:42][FINE] Loading datapack from: mods/modernfix-fabric-5.19.3+mc1.21.1.jar ...
[2024-11-05 23:53:42][FINE] Loading datapack from: mods/enchants-plus-1.3.jar ...
[2024-11-05 23:53:42][FINE] Loading datapack from: mods/c2me-fabric-mc1.21.1-0.3.0+alpha.0.295.jar ...
[2024-11-05 23:53:42][FINE] Loading datapack from: mods/bettercombat-fabric-2.0.3%2B1.21.1.jar ...
[2024-11-05 23:53:42][FINE] Loading datapack from: mods/tatimod-0.1.1-1.21.1.jar ...
[2024-11-05 23:53:42][FINE] Loading datapack from: mods/rogues-2.1.0%2B1.21.1.jar ...
[2024-11-05 23:53:42][FINE] Loading datapack from: mods/krypton-0.2.8.jar ...
[2024-11-05 23:53:42][FINE] Loading datapack from: mods/mcw-lights-1.1.1-mc1.21.1fabric.jar ...
[2024-11-05 23:53:42][FINE] Loading datapack from: mods/architectury-13.0.8-fabric.jar ...
[2024-11-05 23:53:42][FINE] Loading datapack from: mods/mcw-furniture-3.3.0-mc1.21.1fabric.jar ...
[2024-11-05 23:53:42][FINE] Loading datapack from: mods/moredelight-24.09.27-1.21-fabric.jar ...
[2024-11-05 23:53:42][FINE] Loading datapack from: mods/tdacmod-0.0.2-1.21.1.jar ...
[2024-11-05 23:53:42][FINE] Loading datapack from: mods/TerraBlender-fabric-1.21.1-4.1.0.5.jar ...
[2024-11-05 23:53:42][FINE] Loading datapack from: mods/graves-3.4.4+1.21.jar ...
[2024-11-05 23:53:42][FINE] Loading datapack from: mods/fabric-language-kotlin-1.12.3%2Bkotlin.2.0.21.jar ...
[2024-11-05 23:53:42][FINE] Loading datapack from: mods/dragonsteel-0.0.3-1.21.1.jar ...
[2024-11-05 23:53:42][FINE] Loading datapack from: mods/Terralith_1.21.x_v2.5.6.jar ...
[2024-11-05 23:53:42][FINE] Loading datapack from: mods/mcw-stairs-1.0.0-1.21.1fabric.jar ...
[2024-11-05 23:53:42][FINE] Loading datapack from: mods/ScalableLux-0.1.0+fabric.26c6e72-all.jar ...
[2024-11-05 23:53:42][FINE] Loading datapack from: mods/RoguelikeDungeons-2.0.8-1.21-fabric.jar ...
[2024-11-05 23:53:42][FINE] Loading datapack from: mods/ShieldAPI-2.0.2%2B1.21.1.jar ...
[2024-11-05 23:53:42][FINE] Loading datapack from: mods/Debugify-1.21.1+1.0.jar ...
[2024-11-05 23:53:42][FINE] Loading datapack from: mods/jewelry-2.0.2%2B1.21.1.jar ...
[2024-11-05 23:53:42][FINE] Loading datapack from: mods/lavender-0.1.14+1.21.jar ...
[2024-11-05 23:53:42][FINE] Loading datapack from: mods/paladins-2.1.1%2B1.21.1.jar ...
[2024-11-05 23:53:42][FINE] Loading datapack from: mods/ImmediatelyFast-Fabric-1.3.1+1.21.1.jar ...
[2024-11-05 23:53:42][FINE] Loading datapack from: mods/InventoryTweaks-3.0.jar ...
[2024-11-05 23:53:42][FINE] Loading datapack from: mods/morerunesmod-0.0.2-1.21.1.jar ...
[2024-11-05 23:53:42][FINE] Loading datapack from: mods/worldweaver-21.0.13.jar ...
[2024-11-05 23:53:42][FINE] Loading datapack from: mods/elemental_metals-0.0.4-1.21.1.jar ...
[2024-11-05 23:53:42][FINE] Loading datapack from: mods/wunderlib-21.0.8.jar ...
[2024-11-05 23:53:42][FINE] Loading datapack from: mods/Epic Dungeons-0.1.04-Fabric-1.21.jar ...
[2024-11-05 23:53:42][FINE] Loading datapack from: mods/cardinal-components-api-6.1.1.jar ...
[2024-11-05 23:53:42][FINE] Loading datapack from: mods/resourcefullib-fabric-1.21-3.0.11.jar ...
[2024-11-05 23:53:42][FINE] Loading datapack from: mods/ketkets-furnicraft-4.4.jar ...
[2024-11-05 23:53:42][FINE] Loading datapack from: mods/doubledoors-1.21.1-5.9.jar ...
[2024-11-05 23:53:42][FINE] Loading datapack from: mods/storagedelight-24.09.11-1.21-fabric.jar ...
[2024-11-05 23:53:42][FINE] Loading datapack from: mods/wizards-2.1.0%2B1.21.1.jar ...
[2024-11-05 23:53:42][FINE] Loading datapack from: mods/more_jewels-0.0.2-1.21.1.jar ...
[2024-11-05 23:53:42][FINE] Loading datapack from: mods/handcrafted-fabric-1.21.1-4.0.2.jar ...
[2024-11-05 23:53:42][FINE] Loading datapack from: mods/more_spell_attributes-0.0.7-1.21.1.jar ...
[2024-11-05 23:53:42][FINE] Loading datapack from: mods/thaumon-fabric-2.3.0+1.21.jar ...
[2024-11-05 23:53:42][FINE] Loading datapack from: mods/fpapmod-2.2.4-1.21.1.jar ...
[2024-11-05 23:53:42][FINE] Loading datapack from: mods/modmenu-11.0.3.jar ...
[2024-11-05 23:53:42][FINE] Loading datapack from: mods/YetAnotherConfigLib-3.6.1%2B1.21-fabric.jar ...
[2024-11-05 23:53:42][FINE] Loading datapack from: mods/azurelibarmor-fabric-1.21.1-2.3.13.jar ...
[2024-11-05 23:53:42][FINE] Loading datapack from: mods/villager-transportation-1.3.1.jar ...
[2024-11-05 23:53:42][FINE] Loading datapack from: mods/squatgrow-fabric-21.1.0%2Bmc1.21.1.jar ...
[2024-11-05 23:53:42][FINE] Loading datapack from: mods/NaturesCompass-1.21-2.2.6-fabric.jar ...
[2024-11-05 23:53:42][FINE] Loading datapack from: mods/HopoBetterUnderwaterRuins-[1.21.1-1.21.3]-1.2.1.jar ...
[2024-11-05 23:53:42][FINE] Loading datapack from: mods/druid-0.0.7-1.21.1.jar ...
[2024-11-05 23:53:42][FINE] Loading datapack from: mods/ImmersiveOres-1.21.1-0.1.jar ...
[2024-11-05 23:53:42][FINE] Loading datapack from: mods/enchant-tooltips-1.0.1.jar ...
[2024-11-05 23:53:42][FINE] Loading datapack from: mods/MouseTweaks-fabric-mc1.21-2.26.jar ...
[2024-11-05 23:53:42][FINE] Loading datapack from: mods/DungeonsArise-1.21.x-2.1.60-fabric-release.jar ...
[2024-11-05 23:53:42][FINE] Loading datapack from: mods/notenoughcrashes-4.4.8%2B1.21-fabric.jar ...
[2024-11-05 23:53:42][FINE] Loading datapack from: mods/formationsoverworld-1.0.4-mc1.21+.jar ...
[2024-11-05 23:53:42][FINE] Loading datapack from: mods/Wabi-Sabi Structures 3.0.1-1.21.jar ...
[2024-11-05 23:53:42][FINE] Loading datapack from: mods/AdditionalStructures-1.21.x-%28v.5.0.1-fabric%29.jar ...
[2024-11-05 23:53:42][FINE] Loading datapack from: mods/tsapmod-0.0.1-1.21.1.jar ...
[2024-11-05 23:53:42][FINE] Loading datapack from: mods/collective-1.21.1-7.87.jar ...
[2024-11-05 23:53:42][FINE] Loading datapack from: mods/AureljPaintings-1.0.4-1.21.x-fabric.jar ...
[2024-11-05 23:53:42][FINE] Loading datapack from: mods/itemalchemy-1.0.5.jar ...
[2024-11-05 23:53:42][FINE] Loading datapack from: mods/sit-anywhere-by-sozoka-1.1.1.jar ...
[2024-11-05 23:53:42][FINE] Loading datapack from: mods/modonomicon-1.21.1-fabric-1.108.2.jar ...
[2024-11-05 23:53:42][FINE] Loading datapack from: mods/archers-2.1.1%2B1.21.1.jar ...
[2024-11-05 23:53:42][FINE] Loading datapack from: mods/FallingTree-1.21.1-1.21.1.2.jar ...
[2024-11-05 23:53:42][FINE] Loading datapack from: mods/morewizardsmod-0.1.6-1.21.1.jar ...
[2024-11-05 23:53:42][FINE] Loading datapack from: mods/jei-1.21.1-fabric-19.21.0.247.jar ...
[2024-11-05 23:53:42][FINE] Loading datapack from: mods/waystones-fabric-1.21.1-21.1.5.jar ...
[2024-11-05 23:53:42][FINE] Loading datapack from: mods/formations-1.0.2-fabric-mc1.21.jar ...
[2024-11-05 23:53:42][FINE] Loading datapack from: mods/[Fabric]CTOV-3-5-3a.jar ...
[2024-11-05 23:53:42][FINE] Loading datapack from: mods/noisium-fabric-2.3.0+mc1.21-1.21.1.jar ...
[2024-11-05 23:53:42][FINE] Loading datapack from: mods/servercore-fabric-1.5.5+1.21.1.jar ...
[2024-11-05 23:53:42][FINE] Loading datapack from: mods/Palladium-1.21x-1.0.9.5.jar ...
[2024-11-05 23:53:42][FINE] Loading datapack from: mods/portfolio-1.21.1-1.4.1-fabric.jar ...
[2024-11-05 23:53:42][FINE] Loading datapack from: mods/YeehawTowns-1.0.3-1.21.x-fabric.jar ...
[2024-11-05 23:53:42][FINE] Loading datapack from: mods/monolib-fabric-1.21.1-1.4.1.jar ...
[2024-11-05 23:53:42][FINE] Loading datapack from: mods/energizedpower-1.21.1-2.12.4-fabric.jar ...
[2024-11-05 23:53:42][FINE] Loading datapack from: mods/moremobvariants-fabric+1.21-1.3.1.1.jar ...
[2024-11-05 23:53:42][FINE] Loading datapack from: mods/DungeonsAriseSevenSeas-1.21.x-1.0.3-fabric.jar ...
[2024-11-05 23:53:42][FINE] Loading datapack from: mods/compact_storage-1.21-fabric-8.0.75.jar ...
[2024-11-05 23:53:42][FINE] Loading datapack from: mods/tabtps-fabric-mc1.21.1-1.3.25.jar ...
[2024-11-05 23:53:42][FINE] Loading datapack from: mods/affinity-0.1.5+1.21.jar ...
[2024-11-05 23:53:42][FINE] Loading datapack from: mods/timo_11-6.4%2B1.21.2.jar ...
[2024-11-05 23:53:42][FINE] Loading datapack from: mods/ToadLib-1.21x-1.1.6.jar ...
[2024-11-05 23:53:42][FINE] Loading datapack from: mods/bclib-21.0.13.jar ...
[2024-11-05 23:53:42][FINE] Loading datapack from: mods/better-end-21.0.11.jar ...
[2024-11-05 23:53:42][FINE] Loading datapack from: mods/t_and_t-neoforge-fabric-1.13.2.jar ...
[2024-11-05 23:53:42][FINE] Loading datapack from: mods/Wild_Tool_Access-1.21.1-1.5.1.jar ...
[2024-11-05 23:53:42][FINE] Loading datapack from: mods/crafting-manipulator-5.2.0+1.21.jar ...
[2024-11-05 23:53:42][FINE] Loading datapack from: mods/fallenwizardsmod-0.1.6-1.21.1.jar ...
[2024-11-05 23:53:42][FINE] Loading datapack from: mods/AchievementOptimizer-fabric-1.21.1-1.2.0.jar ...
[2024-11-05 23:53:42][FINE] Loading datapack from: mods/structure_pool_api-1.1.3%2B1.21.1.jar ...
[2024-11-05 23:53:42][FINE] Loading datapack from: mods/mcw-doors-1.1.1-mc1.21.1fabric.jar ...
[2024-11-05 23:53:42][FINE] Loading datapack from: mods/formationsnether-1.0.5-mc1.21+.jar ...
[2024-11-05 23:53:42][FINE] Loading datapack from: mods/cloth-config-15.0.140-fabric.jar ...
[2024-11-05 23:53:42][FINE] Loading datapack from: mods/UndergroundBunkers-1.0.4-1.21.x-fabric.jar ...
[2024-11-05 23:53:42][FINE] Loading datapack from: mods/balm-fabric-1.21.1-21.0.20.jar ...
[2024-11-05 23:53:42][FINE] Loading datapack from: mods/tgacmod-4.0.4-1.21.1.jar ...
[2024-11-05 23:53:42][FINE] Loading datapack from: mods/fabric-api-0.107.0%2B1.21.1.jar ...
[2024-11-05 23:53:42][FINE] Loading datapack from: mods/mcpitanlib-2.5.2-1.21-fabric.jar ...
[2024-11-05 23:53:42][FINE] Loading datapack from: mods/bluemap-5.4-fabric.jar ...
[2024-11-05 23:53:42][FINE] Loading datapack from: mods/appleskin-fabric-mc1.21-3.0.6.jar ...
[2024-11-05 23:53:42][FINE] Loading datapack from: mods/vanilla-refresh-1.4.25_1.21.jar ...
[2024-11-05 23:53:42][FINE] Loading datapack from: mods/trinkets-3.10.0.jar ...
[2024-11-05 23:53:42][FINE] Loading datapack from: mods/spell_power-1.0.5%2B1.21.1.jar ...
[2024-11-05 23:53:42][FINE] Loading datapack from: mods/owo-lib-0.12.15+1.21.jar ...
[2024-11-05 23:53:42][FINE] Loading datapack from: mods/IronChests-2.0.4.jar ...
[2024-11-05 23:53:42][FINE] Loading datapack from: mods/guardvillagers-2.1.2-1.21.jar ...
[2024-11-05 23:53:42][FINE] Loading datapack from: mods/craftingtweaks-fabric-1.21.1-21.1.3.jar ...
[2024-11-05 23:53:42][FINE] Loading datapack from: mods/lithostitched-fabric-1.21.1-1.3.4.jar ...
[2024-11-05 23:53:42][FINE] Loading datapack from: mods/serversleep-datapack2.jar ...
[2024-11-05 23:53:42][FINE] Loading datapack from: mods/lambdynamiclights-3.1.2%2B1.21.1.jar ...
[2024-11-05 23:53:42][FINE] Loading datapack from: mods/player-animation-lib-fabric-2.0.0-alpha1%2B1.21.jar ...
[2024-11-05 23:53:42][FINE] Loading datapack from: mods/blood_mages-0.0.7-1.21.1.jar ...
[2024-11-05 23:53:42][FINE] Loading datapack from: mods/automessage-merged-1.21-2.3.0.jar ...
[2024-11-05 23:53:42][FINE] Loading datapack from: mods/ferritecore-7.0.2-hotfix-fabric.jar ...
[2024-11-05 23:53:42][FINE] Loading datapack from: mods/cristellib-fabric-1.2.8.jar ...
[2024-11-05 23:53:42][FINE] Loading datapack from: bluemap/resourceExtensions.zip ...
[2024-11-05 23:53:42][FINE] Loading datapack from: bluemap/minecraft-client-1.21.1.jar ...
[2024-11-05 23:53:42][FINE] Baking datapack...
[2024-11-05 23:53:42][FINE] Datapack loaded.
[2024-11-05 23:53:42][INFO] Loading map 'world_the_nether'...
[2024-11-05 23:53:42][FINE] Loading render-state for map 'world_the_nether'
[2024-11-05 23:53:42][FINE] Loading textures for map 'world_the_nether'
[2024-11-05 23:53:42][INFO] WebServer bound to all network interfaces on port 8100
[2024-11-05 23:53:42][INFO] WebServer started.
[2024-11-05 23:53:42][FINE] Started watching map 'world_the_end' for updates...
[2024-11-05 23:53:42][FINE] Started watching map 'world' for updates...
[2024-11-05 23:53:42][FINE] Started watching map 'world_the_nether' for updates...
[2024-11-05 23:53:42][INFO] BlueMap loaded!
[2024-11-05 23:55:18][FINE] Scheduled update for region-file: (2, -1) (Map: world)
[2024-11-05 23:55:18][FINE] Scheduled update for region-file: (2, 0) (Map: world)
[2024-11-05 23:55:18][FINE] Scheduled update for region-file: (3, -1) (Map: world)
[2024-11-05 23:55:18][FINE] Scheduled update for region-file: (3, 0) (Map: world)
[2024-11-05 23:55:21][FINE] Stopped watching map 'world' for updates.
[2024-11-05 23:55:21][FINE] Stopped watching map 'world_the_end' for updates.
[2024-11-05 23:55:21][FINE] Stopped watching map 'world_the_nether' for updates.
